c:\dev\3rdparty\mysql\connector-c\6.1.6\libmysql\clientlib.dir\minsizerel\client_authentication.obj
c:\dev\3rdparty\mysql\connector-c\6.1.6\libmysql\clientlib.dir\minsizerel\net_serv.obj
c:\dev\3rdparty\mysql\connector-c\6.1.6\libmysql\cmakefiles\generate.stamp
c:\dev\3rdparty\mysql\connector-c\6.1.6\libmysql\minsizerel\clientlib.lib
c:\dev\3rdparty\mysql\connector-c\6.1.6\libmysql\clientlib.dir\minsizerel\client.obj
c:\dev\3rdparty\mysql\connector-c\6.1.6\libmysql\clientlib.dir\minsizerel\client_plugin.obj
c:\dev\3rdparty\mysql\connector-c\6.1.6\libmysql\clientlib.dir\minsizerel\errmsg.obj
c:\dev\3rdparty\mysql\connector-c\6.1.6\libmysql\clientlib.dir\minsizerel\get_password.obj
c:\dev\3rdparty\mysql\connector-c\6.1.6\libmysql\clientlib.dir\minsizerel\libmysql.obj
c:\dev\3rdparty\mysql\connector-c\6.1.6\libmysql\clientlib.dir\minsizerel\mysql_trace.obj
c:\dev\3rdparty\mysql\connector-c\6.1.6\libmysql\clientlib.dir\minsizerel\my_time.obj
c:\dev\3rdparty\mysql\connector-c\6.1.6\libmysql\clientlib.dir\minsizerel\pack.obj
c:\dev\3rdparty\mysql\connector-c\6.1.6\libmysql\clientlib.dir\minsizerel\password.obj
c:\dev\3rdparty\mysql\connector-c\6.1.6\libmysql\clientlib.dir\minsizerel\clientlib.tlog\cl.command.1.tlog
c:\dev\3rdparty\mysql\connector-c\6.1.6\libmysql\clientlib.dir\minsizerel\clientlib.tlog\cl.read.1.tlog
c:\dev\3rdparty\mysql\connector-c\6.1.6\libmysql\clientlib.dir\minsizerel\clientlib.tlog\cl.write.1.tlog
c:\dev\3rdparty\mysql\connector-c\6.1.6\libmysql\clientlib.dir\minsizerel\clientlib.tlog\custombuild.command.1.tlog
c:\dev\3rdparty\mysql\connector-c\6.1.6\libmysql\clientlib.dir\minsizerel\clientlib.tlog\custombuild.read.1.tlog
c:\dev\3rdparty\mysql\connector-c\6.1.6\libmysql\clientlib.dir\minsizerel\clientlib.tlog\custombuild.write.1.tlog
c:\dev\3rdparty\mysql\connector-c\6.1.6\libmysql\clientlib.dir\minsizerel\clientlib.tlog\lib-link.read.1.tlog
c:\dev\3rdparty\mysql\connector-c\6.1.6\libmysql\clientlib.dir\minsizerel\clientlib.tlog\lib-link.write.1.tlog
c:\dev\3rdparty\mysql\connector-c\6.1.6\libmysql\clientlib.dir\minsizerel\clientlib.tlog\lib.command.1.tlog
