c:\dev\3rdparty\mysql\connector-c\6.1.6\zlib\cmakefiles\generate.stamp
c:\dev\3rdparty\mysql\connector-c\6.1.6\zlib\release\zlib.lib
c:\dev\3rdparty\mysql\connector-c\6.1.6\zlib\zlib.dir\release\adler32.obj
c:\dev\3rdparty\mysql\connector-c\6.1.6\zlib\zlib.dir\release\compress.obj
c:\dev\3rdparty\mysql\connector-c\6.1.6\zlib\zlib.dir\release\crc32.obj
c:\dev\3rdparty\mysql\connector-c\6.1.6\zlib\zlib.dir\release\deflate.obj
c:\dev\3rdparty\mysql\connector-c\6.1.6\zlib\zlib.dir\release\gzio.obj
c:\dev\3rdparty\mysql\connector-c\6.1.6\zlib\zlib.dir\release\infback.obj
c:\dev\3rdparty\mysql\connector-c\6.1.6\zlib\zlib.dir\release\inffast.obj
c:\dev\3rdparty\mysql\connector-c\6.1.6\zlib\zlib.dir\release\inflate.obj
c:\dev\3rdparty\mysql\connector-c\6.1.6\zlib\zlib.dir\release\inftrees.obj
c:\dev\3rdparty\mysql\connector-c\6.1.6\zlib\zlib.dir\release\trees.obj
c:\dev\3rdparty\mysql\connector-c\6.1.6\zlib\zlib.dir\release\uncompr.obj
c:\dev\3rdparty\mysql\connector-c\6.1.6\zlib\zlib.dir\release\zutil.obj
c:\dev\3rdparty\mysql\connector-c\6.1.6\zlib\zlib.dir\release\zlib.tlog\cl.command.1.tlog
c:\dev\3rdparty\mysql\connector-c\6.1.6\zlib\zlib.dir\release\zlib.tlog\cl.read.1.tlog
c:\dev\3rdparty\mysql\connector-c\6.1.6\zlib\zlib.dir\release\zlib.tlog\custombuild.command.1.tlog
c:\dev\3rdparty\mysql\connector-c\6.1.6\zlib\zlib.dir\release\zlib.tlog\custombuild.read.1.tlog
c:\dev\3rdparty\mysql\connector-c\6.1.6\zlib\zlib.dir\release\zlib.tlog\custombuild.write.1.tlog
c:\dev\3rdparty\mysql\connector-c\6.1.6\zlib\zlib.dir\release\zlib.tlog\lib-link.read.1.tlog
c:\dev\3rdparty\mysql\connector-c\6.1.6\zlib\zlib.dir\release\zlib.tlog\lib-link.write.1.tlog
c:\dev\3rdparty\mysql\connector-c\6.1.6\zlib\zlib.dir\release\zlib.tlog\lib.command.1.tlog
