c:\dev\3rdparty\mysql\connector-c\6.1.6\extra\yassl\taocrypt\cmakefiles\generate.stamp
c:\dev\3rdparty\mysql\connector-c\6.1.6\extra\yassl\taocrypt\debug\taocrypt.lib
c:\dev\3rdparty\mysql\connector-c\6.1.6\extra\yassl\taocrypt\taocrypt.dir\debug\aes.obj
c:\dev\3rdparty\mysql\connector-c\6.1.6\extra\yassl\taocrypt\taocrypt.dir\debug\aestables.obj
c:\dev\3rdparty\mysql\connector-c\6.1.6\extra\yassl\taocrypt\taocrypt.dir\debug\algebra.obj
c:\dev\3rdparty\mysql\connector-c\6.1.6\extra\yassl\taocrypt\taocrypt.dir\debug\arc4.obj
c:\dev\3rdparty\mysql\connector-c\6.1.6\extra\yassl\taocrypt\taocrypt.dir\debug\asn.obj
c:\dev\3rdparty\mysql\connector-c\6.1.6\extra\yassl\taocrypt\taocrypt.dir\debug\coding.obj
c:\dev\3rdparty\mysql\connector-c\6.1.6\extra\yassl\taocrypt\taocrypt.dir\debug\des.obj
c:\dev\3rdparty\mysql\connector-c\6.1.6\extra\yassl\taocrypt\taocrypt.dir\debug\dh.obj
c:\dev\3rdparty\mysql\connector-c\6.1.6\extra\yassl\taocrypt\taocrypt.dir\debug\dsa.obj
c:\dev\3rdparty\mysql\connector-c\6.1.6\extra\yassl\taocrypt\taocrypt.dir\debug\file.obj
c:\dev\3rdparty\mysql\connector-c\6.1.6\extra\yassl\taocrypt\taocrypt.dir\debug\hash.obj
c:\dev\3rdparty\mysql\connector-c\6.1.6\extra\yassl\taocrypt\taocrypt.dir\debug\hc128.obj
c:\dev\3rdparty\mysql\connector-c\6.1.6\extra\yassl\taocrypt\taocrypt.dir\debug\integer.obj
c:\dev\3rdparty\mysql\connector-c\6.1.6\extra\yassl\taocrypt\taocrypt.dir\debug\md2.obj
c:\dev\3rdparty\mysql\connector-c\6.1.6\extra\yassl\taocrypt\taocrypt.dir\debug\md4.obj
c:\dev\3rdparty\mysql\connector-c\6.1.6\extra\yassl\taocrypt\taocrypt.dir\debug\md5.obj
c:\dev\3rdparty\mysql\connector-c\6.1.6\extra\yassl\taocrypt\taocrypt.dir\debug\misc.obj
c:\dev\3rdparty\mysql\connector-c\6.1.6\extra\yassl\taocrypt\taocrypt.dir\debug\rabbit.obj
c:\dev\3rdparty\mysql\connector-c\6.1.6\extra\yassl\taocrypt\taocrypt.dir\debug\random.obj
c:\dev\3rdparty\mysql\connector-c\6.1.6\extra\yassl\taocrypt\taocrypt.dir\debug\ripemd.obj
c:\dev\3rdparty\mysql\connector-c\6.1.6\extra\yassl\taocrypt\taocrypt.dir\debug\rsa.obj
c:\dev\3rdparty\mysql\connector-c\6.1.6\extra\yassl\taocrypt\taocrypt.dir\debug\sha.obj
c:\dev\3rdparty\mysql\connector-c\6.1.6\extra\yassl\taocrypt\taocrypt.dir\debug\taocrypt.tlog\cl.command.1.tlog
c:\dev\3rdparty\mysql\connector-c\6.1.6\extra\yassl\taocrypt\taocrypt.dir\debug\taocrypt.tlog\cl.read.1.tlog
c:\dev\3rdparty\mysql\connector-c\6.1.6\extra\yassl\taocrypt\taocrypt.dir\debug\taocrypt.tlog\custombuild.command.1.tlog
c:\dev\3rdparty\mysql\connector-c\6.1.6\extra\yassl\taocrypt\taocrypt.dir\debug\taocrypt.tlog\custombuild.read.1.tlog
c:\dev\3rdparty\mysql\connector-c\6.1.6\extra\yassl\taocrypt\taocrypt.dir\debug\taocrypt.tlog\custombuild.write.1.tlog
c:\dev\3rdparty\mysql\connector-c\6.1.6\extra\yassl\taocrypt\taocrypt.dir\debug\taocrypt.tlog\lib-link.read.1.tlog
c:\dev\3rdparty\mysql\connector-c\6.1.6\extra\yassl\taocrypt\taocrypt.dir\debug\taocrypt.tlog\lib-link.write.1.tlog
c:\dev\3rdparty\mysql\connector-c\6.1.6\extra\yassl\taocrypt\taocrypt.dir\debug\taocrypt.tlog\lib.command.1.tlog
