c:\dev\3rdparty\mysql\connector-c\6.1.6\strings\cmakefiles\generate.stamp
c:\dev\3rdparty\mysql\connector-c\6.1.6\strings\debug\strings.lib
c:\dev\3rdparty\mysql\connector-c\6.1.6\strings\strings.dir\debug\bchange.obj
c:\dev\3rdparty\mysql\connector-c\6.1.6\strings\strings.dir\debug\ctype-big5.obj
c:\dev\3rdparty\mysql\connector-c\6.1.6\strings\strings.dir\debug\ctype-bin.obj
c:\dev\3rdparty\mysql\connector-c\6.1.6\strings\strings.dir\debug\ctype-cp932.obj
c:\dev\3rdparty\mysql\connector-c\6.1.6\strings\strings.dir\debug\ctype-czech.obj
c:\dev\3rdparty\mysql\connector-c\6.1.6\strings\strings.dir\debug\ctype-eucjpms.obj
c:\dev\3rdparty\mysql\connector-c\6.1.6\strings\strings.dir\debug\ctype-euc_kr.obj
c:\dev\3rdparty\mysql\connector-c\6.1.6\strings\strings.dir\debug\ctype-extra.obj
c:\dev\3rdparty\mysql\connector-c\6.1.6\strings\strings.dir\debug\ctype-gb18030.obj
c:\dev\3rdparty\mysql\connector-c\6.1.6\strings\strings.dir\debug\ctype-gb2312.obj
c:\dev\3rdparty\mysql\connector-c\6.1.6\strings\strings.dir\debug\ctype-gbk.obj
c:\dev\3rdparty\mysql\connector-c\6.1.6\strings\strings.dir\debug\ctype-latin1.obj
c:\dev\3rdparty\mysql\connector-c\6.1.6\strings\strings.dir\debug\ctype-mb.obj
c:\dev\3rdparty\mysql\connector-c\6.1.6\strings\strings.dir\debug\ctype-simple.obj
c:\dev\3rdparty\mysql\connector-c\6.1.6\strings\strings.dir\debug\ctype-sjis.obj
c:\dev\3rdparty\mysql\connector-c\6.1.6\strings\strings.dir\debug\ctype-tis620.obj
c:\dev\3rdparty\mysql\connector-c\6.1.6\strings\strings.dir\debug\ctype-uca.obj
c:\dev\3rdparty\mysql\connector-c\6.1.6\strings\strings.dir\debug\ctype-ucs2.obj
c:\dev\3rdparty\mysql\connector-c\6.1.6\strings\strings.dir\debug\ctype-ujis.obj
c:\dev\3rdparty\mysql\connector-c\6.1.6\strings\strings.dir\debug\ctype-utf8.obj
c:\dev\3rdparty\mysql\connector-c\6.1.6\strings\strings.dir\debug\ctype-win1250ch.obj
c:\dev\3rdparty\mysql\connector-c\6.1.6\strings\strings.dir\debug\ctype.obj
c:\dev\3rdparty\mysql\connector-c\6.1.6\strings\strings.dir\debug\decimal.obj
c:\dev\3rdparty\mysql\connector-c\6.1.6\strings\strings.dir\debug\dtoa.obj
c:\dev\3rdparty\mysql\connector-c\6.1.6\strings\strings.dir\debug\int2str.obj
c:\dev\3rdparty\mysql\connector-c\6.1.6\strings\strings.dir\debug\is_prefix.obj
c:\dev\3rdparty\mysql\connector-c\6.1.6\strings\strings.dir\debug\llstr.obj
c:\dev\3rdparty\mysql\connector-c\6.1.6\strings\strings.dir\debug\longlong2str.obj
c:\dev\3rdparty\mysql\connector-c\6.1.6\strings\strings.dir\debug\my_stpmov.obj
c:\dev\3rdparty\mysql\connector-c\6.1.6\strings\strings.dir\debug\my_stpnmov.obj
c:\dev\3rdparty\mysql\connector-c\6.1.6\strings\strings.dir\debug\my_strchr.obj
c:\dev\3rdparty\mysql\connector-c\6.1.6\strings\strings.dir\debug\my_strtoll10.obj
c:\dev\3rdparty\mysql\connector-c\6.1.6\strings\strings.dir\debug\my_vsnprintf.obj
c:\dev\3rdparty\mysql\connector-c\6.1.6\strings\strings.dir\debug\str2int.obj
c:\dev\3rdparty\mysql\connector-c\6.1.6\strings\strings.dir\debug\strappend.obj
c:\dev\3rdparty\mysql\connector-c\6.1.6\strings\strings.dir\debug\strcend.obj
c:\dev\3rdparty\mysql\connector-c\6.1.6\strings\strings.dir\debug\strcont.obj
c:\dev\3rdparty\mysql\connector-c\6.1.6\strings\strings.dir\debug\strend.obj
c:\dev\3rdparty\mysql\connector-c\6.1.6\strings\strings.dir\debug\strfill.obj
c:\dev\3rdparty\mysql\connector-c\6.1.6\strings\strings.dir\debug\strmake.obj
c:\dev\3rdparty\mysql\connector-c\6.1.6\strings\strings.dir\debug\strxmov.obj
c:\dev\3rdparty\mysql\connector-c\6.1.6\strings\strings.dir\debug\strxnmov.obj
c:\dev\3rdparty\mysql\connector-c\6.1.6\strings\strings.dir\debug\str_alloc.obj
c:\dev\3rdparty\mysql\connector-c\6.1.6\strings\strings.dir\debug\xml.obj
c:\dev\3rdparty\mysql\connector-c\6.1.6\strings\strings.dir\debug\strings.tlog\cl.command.1.tlog
c:\dev\3rdparty\mysql\connector-c\6.1.6\strings\strings.dir\debug\strings.tlog\cl.read.1.tlog
c:\dev\3rdparty\mysql\connector-c\6.1.6\strings\strings.dir\debug\strings.tlog\custombuild.command.1.tlog
c:\dev\3rdparty\mysql\connector-c\6.1.6\strings\strings.dir\debug\strings.tlog\custombuild.read.1.tlog
c:\dev\3rdparty\mysql\connector-c\6.1.6\strings\strings.dir\debug\strings.tlog\custombuild.write.1.tlog
c:\dev\3rdparty\mysql\connector-c\6.1.6\strings\strings.dir\debug\strings.tlog\lib-link.read.1.tlog
c:\dev\3rdparty\mysql\connector-c\6.1.6\strings\strings.dir\debug\strings.tlog\lib-link.write.1.tlog
c:\dev\3rdparty\mysql\connector-c\6.1.6\strings\strings.dir\debug\strings.tlog\lib.command.1.tlog
