c:\dev\3rdparty\mysql\connector-c\6.1.6\mysys_ssl\cmakefiles\generate.stamp
c:\dev\3rdparty\mysql\connector-c\6.1.6\mysys_ssl\debug\mysys_ssl.lib
c:\dev\3rdparty\mysql\connector-c\6.1.6\mysys_ssl\mysys_ssl.dir\debug\crypt_genhash_impl.obj
c:\dev\3rdparty\mysql\connector-c\6.1.6\mysys_ssl\mysys_ssl.dir\debug\mf_tempdir.obj
c:\dev\3rdparty\mysql\connector-c\6.1.6\mysys_ssl\mysys_ssl.dir\debug\my_aes.obj
c:\dev\3rdparty\mysql\connector-c\6.1.6\mysys_ssl\mysys_ssl.dir\debug\my_aes_yassl.obj
c:\dev\3rdparty\mysql\connector-c\6.1.6\mysys_ssl\mysys_ssl.dir\debug\my_default.obj
c:\dev\3rdparty\mysql\connector-c\6.1.6\mysys_ssl\mysys_ssl.dir\debug\my_getopt.obj
c:\dev\3rdparty\mysql\connector-c\6.1.6\mysys_ssl\mysys_ssl.dir\debug\my_md5.obj
c:\dev\3rdparty\mysql\connector-c\6.1.6\mysys_ssl\mysys_ssl.dir\debug\my_murmur3.obj
c:\dev\3rdparty\mysql\connector-c\6.1.6\mysys_ssl\mysys_ssl.dir\debug\my_rnd.obj
c:\dev\3rdparty\mysql\connector-c\6.1.6\mysys_ssl\mysys_ssl.dir\debug\my_sha1.obj
c:\dev\3rdparty\mysql\connector-c\6.1.6\mysys_ssl\mysys_ssl.dir\debug\my_sha2.obj
c:\dev\3rdparty\mysql\connector-c\6.1.6\mysys_ssl\mysys_ssl.dir\debug\mysys_ssl.tlog\cl.command.1.tlog
c:\dev\3rdparty\mysql\connector-c\6.1.6\mysys_ssl\mysys_ssl.dir\debug\mysys_ssl.tlog\cl.read.1.tlog
c:\dev\3rdparty\mysql\connector-c\6.1.6\mysys_ssl\mysys_ssl.dir\debug\mysys_ssl.tlog\custombuild.command.1.tlog
c:\dev\3rdparty\mysql\connector-c\6.1.6\mysys_ssl\mysys_ssl.dir\debug\mysys_ssl.tlog\custombuild.read.1.tlog
c:\dev\3rdparty\mysql\connector-c\6.1.6\mysys_ssl\mysys_ssl.dir\debug\mysys_ssl.tlog\custombuild.write.1.tlog
c:\dev\3rdparty\mysql\connector-c\6.1.6\mysys_ssl\mysys_ssl.dir\debug\mysys_ssl.tlog\lib-link.read.1.tlog
c:\dev\3rdparty\mysql\connector-c\6.1.6\mysys_ssl\mysys_ssl.dir\debug\mysys_ssl.tlog\lib-link.write.1.tlog
c:\dev\3rdparty\mysql\connector-c\6.1.6\mysys_ssl\mysys_ssl.dir\debug\mysys_ssl.tlog\lib.command.1.tlog
