c:\dev\3rdparty\mysql\connector-c\6.1.6\mysys\cmakefiles\generate.stamp
c:\dev\3rdparty\mysql\connector-c\6.1.6\mysys\debug\mysys.lib
c:\dev\3rdparty\mysql\connector-c\6.1.6\mysys\mysys.dir\debug\array.obj
c:\dev\3rdparty\mysql\connector-c\6.1.6\mysys\mysys.dir\debug\base64.obj
c:\dev\3rdparty\mysql\connector-c\6.1.6\mysys\mysys.dir\debug\charset-def.obj
c:\dev\3rdparty\mysql\connector-c\6.1.6\mysys\mysys.dir\debug\charset.obj
c:\dev\3rdparty\mysql\connector-c\6.1.6\mysys\mysys.dir\debug\checksum.obj
c:\dev\3rdparty\mysql\connector-c\6.1.6\mysys\mysys.dir\debug\errors.obj
c:\dev\3rdparty\mysql\connector-c\6.1.6\mysys\mysys.dir\debug\hash.obj
c:\dev\3rdparty\mysql\connector-c\6.1.6\mysys\mysys.dir\debug\lf_alloc-pin.obj
c:\dev\3rdparty\mysql\connector-c\6.1.6\mysys\mysys.dir\debug\lf_dynarray.obj
c:\dev\3rdparty\mysql\connector-c\6.1.6\mysys\mysys.dir\debug\lf_hash.obj
c:\dev\3rdparty\mysql\connector-c\6.1.6\mysys\mysys.dir\debug\list.obj
c:\dev\3rdparty\mysql\connector-c\6.1.6\mysys\mysys.dir\debug\mf_arr_appstr.obj
c:\dev\3rdparty\mysql\connector-c\6.1.6\mysys\mysys.dir\debug\mf_cache.obj
c:\dev\3rdparty\mysql\connector-c\6.1.6\mysys\mysys.dir\debug\mf_dirname.obj
c:\dev\3rdparty\mysql\connector-c\6.1.6\mysys\mysys.dir\debug\mf_fn_ext.obj
c:\dev\3rdparty\mysql\connector-c\6.1.6\mysys\mysys.dir\debug\mf_format.obj
c:\dev\3rdparty\mysql\connector-c\6.1.6\mysys\mysys.dir\debug\mf_getdate.obj
c:\dev\3rdparty\mysql\connector-c\6.1.6\mysys\mysys.dir\debug\mf_iocache.obj
c:\dev\3rdparty\mysql\connector-c\6.1.6\mysys\mysys.dir\debug\mf_iocache2.obj
c:\dev\3rdparty\mysql\connector-c\6.1.6\mysys\mysys.dir\debug\mf_keycache.obj
c:\dev\3rdparty\mysql\connector-c\6.1.6\mysys\mysys.dir\debug\mf_keycaches.obj
c:\dev\3rdparty\mysql\connector-c\6.1.6\mysys\mysys.dir\debug\mf_loadpath.obj
c:\dev\3rdparty\mysql\connector-c\6.1.6\mysys\mysys.dir\debug\mf_pack.obj
c:\dev\3rdparty\mysql\connector-c\6.1.6\mysys\mysys.dir\debug\mf_path.obj
c:\dev\3rdparty\mysql\connector-c\6.1.6\mysys\mysys.dir\debug\mf_qsort.obj
c:\dev\3rdparty\mysql\connector-c\6.1.6\mysys\mysys.dir\debug\mf_qsort2.obj
c:\dev\3rdparty\mysql\connector-c\6.1.6\mysys\mysys.dir\debug\mf_radix.obj
c:\dev\3rdparty\mysql\connector-c\6.1.6\mysys\mysys.dir\debug\mf_same.obj
c:\dev\3rdparty\mysql\connector-c\6.1.6\mysys\mysys.dir\debug\mf_soundex.obj
c:\dev\3rdparty\mysql\connector-c\6.1.6\mysys\mysys.dir\debug\mf_tempfile.obj
c:\dev\3rdparty\mysql\connector-c\6.1.6\mysys\mysys.dir\debug\mf_unixpath.obj
c:\dev\3rdparty\mysql\connector-c\6.1.6\mysys\mysys.dir\debug\mf_wcomp.obj
c:\dev\3rdparty\mysql\connector-c\6.1.6\mysys\mysys.dir\debug\mulalloc.obj
c:\dev\3rdparty\mysql\connector-c\6.1.6\mysys\mysys.dir\debug\my_access.obj
c:\dev\3rdparty\mysql\connector-c\6.1.6\mysys\mysys.dir\debug\my_alloc.obj
c:\dev\3rdparty\mysql\connector-c\6.1.6\mysys\mysys.dir\debug\my_bit.obj
c:\dev\3rdparty\mysql\connector-c\6.1.6\mysys\mysys.dir\debug\my_bitmap.obj
c:\dev\3rdparty\mysql\connector-c\6.1.6\mysys\mysys.dir\debug\my_chmod.obj
c:\dev\3rdparty\mysql\connector-c\6.1.6\mysys\mysys.dir\debug\my_chsize.obj
c:\dev\3rdparty\mysql\connector-c\6.1.6\mysys\mysys.dir\debug\my_compare.obj
c:\dev\3rdparty\mysql\connector-c\6.1.6\mysys\mysys.dir\debug\my_compress.obj
c:\dev\3rdparty\mysql\connector-c\6.1.6\mysys\mysys.dir\debug\my_conio.obj
c:\dev\3rdparty\mysql\connector-c\6.1.6\mysys\mysys.dir\debug\my_copy.obj
c:\dev\3rdparty\mysql\connector-c\6.1.6\mysys\mysys.dir\debug\my_create.obj
c:\dev\3rdparty\mysql\connector-c\6.1.6\mysys\mysys.dir\debug\my_delete.obj
c:\dev\3rdparty\mysql\connector-c\6.1.6\mysys\mysys.dir\debug\my_div.obj
c:\dev\3rdparty\mysql\connector-c\6.1.6\mysys\mysys.dir\debug\my_error.obj
c:\dev\3rdparty\mysql\connector-c\6.1.6\mysys\mysys.dir\debug\my_file.obj
c:\dev\3rdparty\mysql\connector-c\6.1.6\mysys\mysys.dir\debug\my_fopen.obj
c:\dev\3rdparty\mysql\connector-c\6.1.6\mysys\mysys.dir\debug\my_fstream.obj
c:\dev\3rdparty\mysql\connector-c\6.1.6\mysys\mysys.dir\debug\my_gethwaddr.obj
c:\dev\3rdparty\mysql\connector-c\6.1.6\mysys\mysys.dir\debug\my_getsystime.obj
c:\dev\3rdparty\mysql\connector-c\6.1.6\mysys\mysys.dir\debug\my_getwd.obj
c:\dev\3rdparty\mysql\connector-c\6.1.6\mysys\mysys.dir\debug\my_init.obj
c:\dev\3rdparty\mysql\connector-c\6.1.6\mysys\mysys.dir\debug\my_lib.obj
c:\dev\3rdparty\mysql\connector-c\6.1.6\mysys\mysys.dir\debug\my_lock.obj
c:\dev\3rdparty\mysql\connector-c\6.1.6\mysys\mysys.dir\debug\my_malloc.obj
c:\dev\3rdparty\mysql\connector-c\6.1.6\mysys\mysys.dir\debug\my_memmem.obj
c:\dev\3rdparty\mysql\connector-c\6.1.6\mysys\mysys.dir\debug\my_mess.obj
c:\dev\3rdparty\mysql\connector-c\6.1.6\mysys\mysys.dir\debug\my_mkdir.obj
c:\dev\3rdparty\mysql\connector-c\6.1.6\mysys\mysys.dir\debug\my_mmap.obj
c:\dev\3rdparty\mysql\connector-c\6.1.6\mysys\mysys.dir\debug\my_once.obj
c:\dev\3rdparty\mysql\connector-c\6.1.6\mysys\mysys.dir\debug\my_open.obj
c:\dev\3rdparty\mysql\connector-c\6.1.6\mysys\mysys.dir\debug\my_pread.obj
c:\dev\3rdparty\mysql\connector-c\6.1.6\mysys\mysys.dir\debug\my_rdtsc.obj
c:\dev\3rdparty\mysql\connector-c\6.1.6\mysys\mysys.dir\debug\my_read.obj
c:\dev\3rdparty\mysql\connector-c\6.1.6\mysys\mysys.dir\debug\my_redel.obj
c:\dev\3rdparty\mysql\connector-c\6.1.6\mysys\mysys.dir\debug\my_rename.obj
c:\dev\3rdparty\mysql\connector-c\6.1.6\mysys\mysys.dir\debug\my_seek.obj
c:\dev\3rdparty\mysql\connector-c\6.1.6\mysys\mysys.dir\debug\my_static.obj
c:\dev\3rdparty\mysql\connector-c\6.1.6\mysys\mysys.dir\debug\my_symlink.obj
c:\dev\3rdparty\mysql\connector-c\6.1.6\mysys\mysys.dir\debug\my_symlink2.obj
c:\dev\3rdparty\mysql\connector-c\6.1.6\mysys\mysys.dir\debug\my_sync.obj
c:\dev\3rdparty\mysql\connector-c\6.1.6\mysys\mysys.dir\debug\my_syslog.obj
c:\dev\3rdparty\mysql\connector-c\6.1.6\mysys\mysys.dir\debug\my_thr_init.obj
c:\dev\3rdparty\mysql\connector-c\6.1.6\mysys\mysys.dir\debug\my_windac.obj
c:\dev\3rdparty\mysql\connector-c\6.1.6\mysys\mysys.dir\debug\my_winerr.obj
c:\dev\3rdparty\mysql\connector-c\6.1.6\mysys\mysys.dir\debug\my_winfile.obj
c:\dev\3rdparty\mysql\connector-c\6.1.6\mysys\mysys.dir\debug\my_winthread.obj
c:\dev\3rdparty\mysql\connector-c\6.1.6\mysys\mysys.dir\debug\my_write.obj
c:\dev\3rdparty\mysql\connector-c\6.1.6\mysys\mysys.dir\debug\psi_noop.obj
c:\dev\3rdparty\mysql\connector-c\6.1.6\mysys\mysys.dir\debug\ptr_cmp.obj
c:\dev\3rdparty\mysql\connector-c\6.1.6\mysys\mysys.dir\debug\queues.obj
c:\dev\3rdparty\mysql\connector-c\6.1.6\mysys\mysys.dir\debug\stacktrace.obj
c:\dev\3rdparty\mysql\connector-c\6.1.6\mysys\mysys.dir\debug\string.obj
c:\dev\3rdparty\mysql\connector-c\6.1.6\mysys\mysys.dir\debug\thr_cond.obj
c:\dev\3rdparty\mysql\connector-c\6.1.6\mysys\mysys.dir\debug\thr_lock.obj
c:\dev\3rdparty\mysql\connector-c\6.1.6\mysys\mysys.dir\debug\thr_mutex.obj
c:\dev\3rdparty\mysql\connector-c\6.1.6\mysys\mysys.dir\debug\thr_rwlock.obj
c:\dev\3rdparty\mysql\connector-c\6.1.6\mysys\mysys.dir\debug\tree.obj
c:\dev\3rdparty\mysql\connector-c\6.1.6\mysys\mysys.dir\debug\typelib.obj
c:\dev\3rdparty\mysql\connector-c\6.1.6\mysys\mysys.dir\debug\win_timers.obj
c:\dev\3rdparty\mysql\connector-c\6.1.6\mysys\mysys.dir\debug\mysys.tlog\cl.command.1.tlog
c:\dev\3rdparty\mysql\connector-c\6.1.6\mysys\mysys.dir\debug\mysys.tlog\cl.read.1.tlog
c:\dev\3rdparty\mysql\connector-c\6.1.6\mysys\mysys.dir\debug\mysys.tlog\custombuild.command.1.tlog
c:\dev\3rdparty\mysql\connector-c\6.1.6\mysys\mysys.dir\debug\mysys.tlog\custombuild.read.1.tlog
c:\dev\3rdparty\mysql\connector-c\6.1.6\mysys\mysys.dir\debug\mysys.tlog\custombuild.write.1.tlog
c:\dev\3rdparty\mysql\connector-c\6.1.6\mysys\mysys.dir\debug\mysys.tlog\lib-link.read.1.tlog
c:\dev\3rdparty\mysql\connector-c\6.1.6\mysys\mysys.dir\debug\mysys.tlog\lib-link.write.1.tlog
c:\dev\3rdparty\mysql\connector-c\6.1.6\mysys\mysys.dir\debug\mysys.tlog\lib.command.1.tlog
