c:\dev\3rdparty\mysql\connector-c\6.1.6\libmysql\libmysql.dir\relwithdebinfo\libmysql_dummy.obj
c:\dev\3rdparty\mysql\connector-c\6.1.6\libmysql\cmakefiles\generate.stamp
c:\dev\3rdparty\mysql\connector-c\6.1.6\libmysql\relwithdebinfo\libmysql.lib
c:\dev\3rdparty\mysql\connector-c\6.1.6\libmysql\relwithdebinfo\libmysql.exp
c:\dev\3rdparty\mysql\connector-c\6.1.6\libmysql\relwithdebinfo\libmysql.ilk
c:\dev\3rdparty\mysql\connector-c\6.1.6\libmysql\relwithdebinfo\libmysql.dll
c:\dev\3rdparty\mysql\connector-c\6.1.6\libmysql\relwithdebinfo\libmysql.pdb
c:\dev\3rdparty\mysql\connector-c\6.1.6\libmysql\libmysql.dir\relwithdebinfo\versioninfo_dll.res
c:\dev\3rdparty\mysql\connector-c\6.1.6\libmysql\libmysql.dir\relwithdebinfo\libmysql.tlog\cl.command.1.tlog
c:\dev\3rdparty\mysql\connector-c\6.1.6\libmysql\libmysql.dir\relwithdebinfo\libmysql.tlog\cl.read.1.tlog
c:\dev\3rdparty\mysql\connector-c\6.1.6\libmysql\libmysql.dir\relwithdebinfo\libmysql.tlog\cl.write.1.tlog
c:\dev\3rdparty\mysql\connector-c\6.1.6\libmysql\libmysql.dir\relwithdebinfo\libmysql.tlog\custombuild.command.1.tlog
c:\dev\3rdparty\mysql\connector-c\6.1.6\libmysql\libmysql.dir\relwithdebinfo\libmysql.tlog\custombuild.read.1.tlog
c:\dev\3rdparty\mysql\connector-c\6.1.6\libmysql\libmysql.dir\relwithdebinfo\libmysql.tlog\custombuild.write.1.tlog
c:\dev\3rdparty\mysql\connector-c\6.1.6\libmysql\libmysql.dir\relwithdebinfo\libmysql.tlog\libmysql.write.1u.tlog
c:\dev\3rdparty\mysql\connector-c\6.1.6\libmysql\libmysql.dir\relwithdebinfo\libmysql.tlog\link.command.1.tlog
c:\dev\3rdparty\mysql\connector-c\6.1.6\libmysql\libmysql.dir\relwithdebinfo\libmysql.tlog\link.read.1.tlog
c:\dev\3rdparty\mysql\connector-c\6.1.6\libmysql\libmysql.dir\relwithdebinfo\libmysql.tlog\link.write.1.tlog
c:\dev\3rdparty\mysql\connector-c\6.1.6\libmysql\libmysql.dir\relwithdebinfo\libmysql.tlog\rc.command.1.tlog
c:\dev\3rdparty\mysql\connector-c\6.1.6\libmysql\libmysql.dir\relwithdebinfo\libmysql.tlog\rc.read.1.tlog
c:\dev\3rdparty\mysql\connector-c\6.1.6\libmysql\libmysql.dir\relwithdebinfo\libmysql.tlog\rc.write.1.tlog
