c:\dev\3rdparty\mysql\connector-c\6.1.6\libmysql\clientlib.dir\relwithdebinfo\net_serv.obj
c:\dev\3rdparty\mysql\connector-c\6.1.6\libmysql\clientlib.dir\relwithdebinfo\client_authentication.obj
c:\dev\3rdparty\mysql\connector-c\6.1.6\libmysql\cmakefiles\generate.stamp
c:\dev\3rdparty\mysql\connector-c\6.1.6\libmysql\relwithdebinfo\clientlib.lib
c:\dev\3rdparty\mysql\connector-c\6.1.6\libmysql\clientlib.dir\relwithdebinfo\client.obj
c:\dev\3rdparty\mysql\connector-c\6.1.6\libmysql\clientlib.dir\relwithdebinfo\client_plugin.obj
c:\dev\3rdparty\mysql\connector-c\6.1.6\libmysql\clientlib.dir\relwithdebinfo\errmsg.obj
c:\dev\3rdparty\mysql\connector-c\6.1.6\libmysql\clientlib.dir\relwithdebinfo\get_password.obj
c:\dev\3rdparty\mysql\connector-c\6.1.6\libmysql\clientlib.dir\relwithdebinfo\libmysql.obj
c:\dev\3rdparty\mysql\connector-c\6.1.6\libmysql\clientlib.dir\relwithdebinfo\mysql_trace.obj
c:\dev\3rdparty\mysql\connector-c\6.1.6\libmysql\clientlib.dir\relwithdebinfo\my_time.obj
c:\dev\3rdparty\mysql\connector-c\6.1.6\libmysql\clientlib.dir\relwithdebinfo\pack.obj
c:\dev\3rdparty\mysql\connector-c\6.1.6\libmysql\clientlib.dir\relwithdebinfo\password.obj
c:\dev\3rdparty\mysql\connector-c\6.1.6\libmysql\clientlib.dir\relwithdebinfo\clientlib.tlog\cl.command.1.tlog
c:\dev\3rdparty\mysql\connector-c\6.1.6\libmysql\clientlib.dir\relwithdebinfo\clientlib.tlog\cl.read.1.tlog
c:\dev\3rdparty\mysql\connector-c\6.1.6\libmysql\clientlib.dir\relwithdebinfo\clientlib.tlog\cl.write.1.tlog
c:\dev\3rdparty\mysql\connector-c\6.1.6\libmysql\clientlib.dir\relwithdebinfo\clientlib.tlog\custombuild.command.1.tlog
c:\dev\3rdparty\mysql\connector-c\6.1.6\libmysql\clientlib.dir\relwithdebinfo\clientlib.tlog\custombuild.read.1.tlog
c:\dev\3rdparty\mysql\connector-c\6.1.6\libmysql\clientlib.dir\relwithdebinfo\clientlib.tlog\custombuild.write.1.tlog
c:\dev\3rdparty\mysql\connector-c\6.1.6\libmysql\clientlib.dir\relwithdebinfo\clientlib.tlog\lib-link.read.1.tlog
c:\dev\3rdparty\mysql\connector-c\6.1.6\libmysql\clientlib.dir\relwithdebinfo\clientlib.tlog\lib-link.write.1.tlog
c:\dev\3rdparty\mysql\connector-c\6.1.6\libmysql\clientlib.dir\relwithdebinfo\clientlib.tlog\lib.command.1.tlog
