c:\dev\3rdparty\mysql\connector-c\6.1.6\extra\yassl\yassl.dir\debug\get_password.obj
c:\dev\3rdparty\mysql\connector-c\6.1.6\extra\yassl\cmakefiles\generate.stamp
c:\dev\3rdparty\mysql\connector-c\6.1.6\extra\yassl\debug\yassl.lib
c:\dev\3rdparty\mysql\connector-c\6.1.6\extra\yassl\yassl.dir\debug\buffer.obj
c:\dev\3rdparty\mysql\connector-c\6.1.6\extra\yassl\yassl.dir\debug\cert_wrapper.obj
c:\dev\3rdparty\mysql\connector-c\6.1.6\extra\yassl\yassl.dir\debug\crypto_wrapper.obj
c:\dev\3rdparty\mysql\connector-c\6.1.6\extra\yassl\yassl.dir\debug\handshake.obj
c:\dev\3rdparty\mysql\connector-c\6.1.6\extra\yassl\yassl.dir\debug\lock.obj
c:\dev\3rdparty\mysql\connector-c\6.1.6\extra\yassl\yassl.dir\debug\log.obj
c:\dev\3rdparty\mysql\connector-c\6.1.6\extra\yassl\yassl.dir\debug\socket_wrapper.obj
c:\dev\3rdparty\mysql\connector-c\6.1.6\extra\yassl\yassl.dir\debug\ssl.obj
c:\dev\3rdparty\mysql\connector-c\6.1.6\extra\yassl\yassl.dir\debug\timer.obj
c:\dev\3rdparty\mysql\connector-c\6.1.6\extra\yassl\yassl.dir\debug\yassl_error.obj
c:\dev\3rdparty\mysql\connector-c\6.1.6\extra\yassl\yassl.dir\debug\yassl_imp.obj
c:\dev\3rdparty\mysql\connector-c\6.1.6\extra\yassl\yassl.dir\debug\yassl_int.obj
c:\dev\3rdparty\mysql\connector-c\6.1.6\extra\yassl\yassl.dir\debug\yassl.tlog\cl.command.1.tlog
c:\dev\3rdparty\mysql\connector-c\6.1.6\extra\yassl\yassl.dir\debug\yassl.tlog\cl.read.1.tlog
c:\dev\3rdparty\mysql\connector-c\6.1.6\extra\yassl\yassl.dir\debug\yassl.tlog\cl.write.1.tlog
c:\dev\3rdparty\mysql\connector-c\6.1.6\extra\yassl\yassl.dir\debug\yassl.tlog\custombuild.command.1.tlog
c:\dev\3rdparty\mysql\connector-c\6.1.6\extra\yassl\yassl.dir\debug\yassl.tlog\custombuild.read.1.tlog
c:\dev\3rdparty\mysql\connector-c\6.1.6\extra\yassl\yassl.dir\debug\yassl.tlog\custombuild.write.1.tlog
c:\dev\3rdparty\mysql\connector-c\6.1.6\extra\yassl\yassl.dir\debug\yassl.tlog\lib-link.read.1.tlog
c:\dev\3rdparty\mysql\connector-c\6.1.6\extra\yassl\yassl.dir\debug\yassl.tlog\lib-link.write.1.tlog
c:\dev\3rdparty\mysql\connector-c\6.1.6\extra\yassl\yassl.dir\debug\yassl.tlog\lib.command.1.tlog
