Determining if the function getnameinfo exists failed with the following output:
Change Dir: C:/dev/3rdParty/MySQL/Connector-c/6.1.6/CMakeFiles/CMakeTmp

Run Build Command:"C:/Program Files (x86)/MSBuild/12.0/bin/MSBuild.exe" "cmTC_9759d.vcxproj" "/p:Configuration=Debug" "/p:VisualStudioVersion=12.0"
Microsoft (R) Build Engine version 12.0.40629.0
[Microsoft .NET Framework, version 4.0.30319.42000]
Copyright (C) Microsoft Corporation. All rights reserved.

Build started 6/30/2016 10:32:42 AM.
Project "C:\dev\3rdParty\MySQL\Connector-c\6.1.6\CMakeFiles\CMakeTmp\cmTC_9759d.vcxproj" on node 1 (default targets).
PrepareForBuild:
  Creating directory "cmTC_9759d.dir\Debug\".
  Creating directory "C:\dev\3rdParty\MySQL\Connector-c\6.1.6\CMakeFiles\CMakeTmp\Debug\".
  Creating directory "cmTC_9759d.dir\Debug\cmTC_9759d.tlog\".
InitializeBuildStatus:
  Creating "cmTC_9759d.dir\Debug\cmTC_9759d.tlog\unsuccessfulbuild" because "AlwaysCreate" was specified.
ClCompile:
  C:\Program Files (x86)\Microsoft Visual Studio 12.0\VC\bin\CL.exe /c /Z7 /W3 /WX- /MP /Od /Ob0 /Oy- /D WIN32 /D _WINDOWS /D CHECK_FUNCTION_EXISTS=getnameinfo /D _WIN32_WINNT=0x0601 /D _DEBUG /D ENABLED_DEBUG_SYNC /D SAFE_MUTEX /D "CMAKE_INTDIR=\"Debug\"" /D _MBCS /Gm- /EHsc /RTC1 /MTd /GS /fp:precise /Zc:wchar_t /Zc:forScope /Fo"cmTC_9759d.dir\Debug\\" /Fd"cmTC_9759d.dir\Debug\vc120.pdb" /Gd /TC /wd4800 /wd4805 /wd4996 /analyze- /errorReport:queue "C:\Program Files (x86)\CMake\share\cmake-3.6\Modules\CheckFunctionExists.c"
  Microsoft (R) C/C++ Optimizing Compiler Version 18.00.40629 for x86
  Copyright (C) Microsoft Corporation.  All rights reserved.
  
  cl /c /Z7 /W3 /WX- /MP /Od /Ob0 /Oy- /D WIN32 /D _WINDOWS /D CHECK_FUNCTION_EXISTS=getnameinfo /D _WIN32_WINNT=0x0601 /D _DEBUG /D ENABLED_DEBUG_SYNC /D SAFE_MUTEX /D "CMAKE_INTDIR=\"Debug\"" /D _MBCS /Gm- /EHsc /RTC1 /MTd /GS /fp:precise /Zc:wchar_t /Zc:forScope /Fo"cmTC_9759d.dir\Debug\\" /Fd"cmTC_9759d.dir\Debug\vc120.pdb" /Gd /TC /wd4800 /wd4805 /wd4996 /analyze- /errorReport:queue "C:\Program Files (x86)\CMake\share\cmake-3.6\Modules\CheckFunctionExists.c"
  
  CheckFunctionExists.c
Link:
  C:\Program Files (x86)\Microsoft Visual Studio 12.0\VC\bin\link.exe /ERRORREPORT:QUEUE /OUT:"C:\dev\3rdParty\MySQL\Connector-c\6.1.6\CMakeFiles\CMakeTmp\Debug\cmTC_9759d.exe" /INCREMENTAL /NOLOGO kernel32.lib user32.lib gdi32.lib winspool.lib shell32.lib ole32.lib oleaut32.lib uuid.lib comdlg32.lib advapi32.lib ws2_32.lib /MANIFEST /MANIFESTUAC:"level='asInvoker' uiAccess='false'" /manifest:embed /DEBUG /PDB:"C:/dev/3rdParty/MySQL/Connector-c/6.1.6/CMakeFiles/CMakeTmp/Debug/cmTC_9759d.pdb" /SUBSYSTEM:CONSOLE /TLBID:1 /DYNAMICBASE /NXCOMPAT /IMPLIB:"C:/dev/3rdParty/MySQL/Connector-c/6.1.6/CMakeFiles/CMakeTmp/Debug/cmTC_9759d.lib" /MACHINE:X86 /SAFESEH  /machine:X86 cmTC_9759d.dir\Debug\CheckFunctionExists.obj
CheckFunctionExists.obj : error LNK2019: unresolved external symbol _getnameinfo referenced in function _main [C:\dev\3rdParty\MySQL\Connector-c\6.1.6\CMakeFiles\CMakeTmp\cmTC_9759d.vcxproj]
C:\dev\3rdParty\MySQL\Connector-c\6.1.6\CMakeFiles\CMakeTmp\Debug\cmTC_9759d.exe : fatal error LNK1120: 1 unresolved externals [C:\dev\3rdParty\MySQL\Connector-c\6.1.6\CMakeFiles\CMakeTmp\cmTC_9759d.vcxproj]
Done Building Project "C:\dev\3rdParty\MySQL\Connector-c\6.1.6\CMakeFiles\CMakeTmp\cmTC_9759d.vcxproj" (default targets) -- FAILED.

Build FAILED.

"C:\dev\3rdParty\MySQL\Connector-c\6.1.6\CMakeFiles\CMakeTmp\cmTC_9759d.vcxproj" (default target) (1) ->
(Link target) -> 
  CheckFunctionExists.obj : error LNK2019: unresolved external symbol _getnameinfo referenced in function _main [C:\dev\3rdParty\MySQL\Connector-c\6.1.6\CMakeFiles\CMakeTmp\cmTC_9759d.vcxproj]
  C:\dev\3rdParty\MySQL\Connector-c\6.1.6\CMakeFiles\CMakeTmp\Debug\cmTC_9759d.exe : fatal error LNK1120: 1 unresolved externals [C:\dev\3rdParty\MySQL\Connector-c\6.1.6\CMakeFiles\CMakeTmp\cmTC_9759d.vcxproj]

    0 Warning(s)
    2 Error(s)

Time Elapsed 00:00:00.65


Determining if the function inet_ntop exists failed with the following output:
Change Dir: C:/dev/3rdParty/MySQL/Connector-c/6.1.6/CMakeFiles/CMakeTmp

Run Build Command:"C:/Program Files (x86)/MSBuild/12.0/bin/MSBuild.exe" "cmTC_66efe.vcxproj" "/p:Configuration=Debug" "/p:VisualStudioVersion=12.0"
Microsoft (R) Build Engine version 12.0.40629.0
[Microsoft .NET Framework, version 4.0.30319.42000]
Copyright (C) Microsoft Corporation. All rights reserved.

Build started 6/30/2016 10:32:43 AM.
Project "C:\dev\3rdParty\MySQL\Connector-c\6.1.6\CMakeFiles\CMakeTmp\cmTC_66efe.vcxproj" on node 1 (default targets).
PrepareForBuild:
  Creating directory "cmTC_66efe.dir\Debug\".
  Creating directory "C:\dev\3rdParty\MySQL\Connector-c\6.1.6\CMakeFiles\CMakeTmp\Debug\".
  Creating directory "cmTC_66efe.dir\Debug\cmTC_66efe.tlog\".
InitializeBuildStatus:
  Creating "cmTC_66efe.dir\Debug\cmTC_66efe.tlog\unsuccessfulbuild" because "AlwaysCreate" was specified.
ClCompile:
  C:\Program Files (x86)\Microsoft Visual Studio 12.0\VC\bin\CL.exe /c /Z7 /W3 /WX- /MP /Od /Ob0 /Oy- /D WIN32 /D _WINDOWS /D CHECK_FUNCTION_EXISTS=inet_ntop /D _WIN32_WINNT=0x0601 /D _DEBUG /D ENABLED_DEBUG_SYNC /D SAFE_MUTEX /D "CMAKE_INTDIR=\"Debug\"" /D _MBCS /Gm- /EHsc /RTC1 /MTd /GS /fp:precise /Zc:wchar_t /Zc:forScope /Fo"cmTC_66efe.dir\Debug\\" /Fd"cmTC_66efe.dir\Debug\vc120.pdb" /Gd /TC /wd4800 /wd4805 /wd4996 /analyze- /errorReport:queue "C:\Program Files (x86)\CMake\share\cmake-3.6\Modules\CheckFunctionExists.c"
  Microsoft (R) C/C++ Optimizing Compiler Version 18.00.40629 for x86
  Copyright (C) Microsoft Corporation.  All rights reserved.
  
  cl /c /Z7 /W3 /WX- /MP /Od /Ob0 /Oy- /D WIN32 /D _WINDOWS /D CHECK_FUNCTION_EXISTS=inet_ntop /D _WIN32_WINNT=0x0601 /D _DEBUG /D ENABLED_DEBUG_SYNC /D SAFE_MUTEX /D "CMAKE_INTDIR=\"Debug\"" /D _MBCS /Gm- /EHsc /RTC1 /MTd /GS /fp:precise /Zc:wchar_t /Zc:forScope /Fo"cmTC_66efe.dir\Debug\\" /Fd"cmTC_66efe.dir\Debug\vc120.pdb" /Gd /TC /wd4800 /wd4805 /wd4996 /analyze- /errorReport:queue "C:\Program Files (x86)\CMake\share\cmake-3.6\Modules\CheckFunctionExists.c"
  
  CheckFunctionExists.c
Link:
  C:\Program Files (x86)\Microsoft Visual Studio 12.0\VC\bin\link.exe /ERRORREPORT:QUEUE /OUT:"C:\dev\3rdParty\MySQL\Connector-c\6.1.6\CMakeFiles\CMakeTmp\Debug\cmTC_66efe.exe" /INCREMENTAL /NOLOGO kernel32.lib user32.lib gdi32.lib winspool.lib shell32.lib ole32.lib oleaut32.lib uuid.lib comdlg32.lib advapi32.lib ws2_32.lib /MANIFEST /MANIFESTUAC:"level='asInvoker' uiAccess='false'" /manifest:embed /DEBUG /PDB:"C:/dev/3rdParty/MySQL/Connector-c/6.1.6/CMakeFiles/CMakeTmp/Debug/cmTC_66efe.pdb" /SUBSYSTEM:CONSOLE /TLBID:1 /DYNAMICBASE /NXCOMPAT /IMPLIB:"C:/dev/3rdParty/MySQL/Connector-c/6.1.6/CMakeFiles/CMakeTmp/Debug/cmTC_66efe.lib" /MACHINE:X86 /SAFESEH  /machine:X86 cmTC_66efe.dir\Debug\CheckFunctionExists.obj
CheckFunctionExists.obj : error LNK2019: unresolved external symbol _inet_ntop referenced in function _main [C:\dev\3rdParty\MySQL\Connector-c\6.1.6\CMakeFiles\CMakeTmp\cmTC_66efe.vcxproj]
C:\dev\3rdParty\MySQL\Connector-c\6.1.6\CMakeFiles\CMakeTmp\Debug\cmTC_66efe.exe : fatal error LNK1120: 1 unresolved externals [C:\dev\3rdParty\MySQL\Connector-c\6.1.6\CMakeFiles\CMakeTmp\cmTC_66efe.vcxproj]
Done Building Project "C:\dev\3rdParty\MySQL\Connector-c\6.1.6\CMakeFiles\CMakeTmp\cmTC_66efe.vcxproj" (default targets) -- FAILED.

Build FAILED.

"C:\dev\3rdParty\MySQL\Connector-c\6.1.6\CMakeFiles\CMakeTmp\cmTC_66efe.vcxproj" (default target) (1) ->
(Link target) -> 
  CheckFunctionExists.obj : error LNK2019: unresolved external symbol _inet_ntop referenced in function _main [C:\dev\3rdParty\MySQL\Connector-c\6.1.6\CMakeFiles\CMakeTmp\cmTC_66efe.vcxproj]
  C:\dev\3rdParty\MySQL\Connector-c\6.1.6\CMakeFiles\CMakeTmp\Debug\cmTC_66efe.exe : fatal error LNK1120: 1 unresolved externals [C:\dev\3rdParty\MySQL\Connector-c\6.1.6\CMakeFiles\CMakeTmp\cmTC_66efe.vcxproj]

    0 Warning(s)
    2 Error(s)

Time Elapsed 00:00:01.01


Performing C SOURCE FILE Test HAVE_WVLA failed with the following output:
Change Dir: C:/dev/3rdParty/MySQL/Connector-c/6.1.6/CMakeFiles/CMakeTmp

Run Build Command:"C:/Program Files (x86)/MSBuild/12.0/bin/MSBuild.exe" "cmTC_dd460.vcxproj" "/p:Configuration=Debug" "/p:VisualStudioVersion=12.0"
Microsoft (R) Build Engine version 12.0.40629.0
[Microsoft .NET Framework, version 4.0.30319.42000]
Copyright (C) Microsoft Corporation. All rights reserved.

Build started 6/30/2016 10:32:52 AM.
Project "C:\dev\3rdParty\MySQL\Connector-c\6.1.6\CMakeFiles\CMakeTmp\cmTC_dd460.vcxproj" on node 1 (default targets).
PrepareForBuild:
  Creating directory "cmTC_dd460.dir\Debug\".
  Creating directory "C:\dev\3rdParty\MySQL\Connector-c\6.1.6\CMakeFiles\CMakeTmp\Debug\".
  Creating directory "cmTC_dd460.dir\Debug\cmTC_dd460.tlog\".
InitializeBuildStatus:
  Creating "cmTC_dd460.dir\Debug\cmTC_dd460.tlog\unsuccessfulbuild" because "AlwaysCreate" was specified.
ClCompile:
  C:\Program Files (x86)\Microsoft Visual Studio 12.0\VC\bin\CL.exe /c /Z7 /W3 /WX- /MP /Od /Ob0 /Oy- /D WIN32 /D _WINDOWS /D HAVE_WVLA /D _WIN32_WINNT=0x0601 /D _DEBUG /D ENABLED_DEBUG_SYNC /D SAFE_MUTEX /D _LARGEFILE_SOURCE /D _LARGE_FILES /D _FILE_OFFSET_BITS=64 /D __STDC_LIMIT_MACROS /D __STDC_CONSTANT_MACROS /D __STDC_FORMAT_MACROS /D "CMAKE_INTDIR=\"Debug\"" /D _MBCS /Gm- /EHsc /RTC1 /MTd /GS /fp:precise /Zc:wchar_t /Zc:forScope /Fo"cmTC_dd460.dir\Debug\\" /Fd"cmTC_dd460.dir\Debug\vc120.pdb" /Gd /TC /wd4800 /wd4805 /wd4996 /analyze- /errorReport:queue  -Wvla "C:\dev\3rdParty\MySQL\Connector-c\6.1.6\CMakeFiles\CMakeTmp\src.c"
  Microsoft (R) C/C++ Optimizing Compiler Version 18.00.40629 for x86
  Copyright (C) Microsoft Corporation.  All rights reserved.
  
  cl /c /Z7 /W3 /WX- /MP /Od /Ob0 /Oy- /D WIN32 /D _WINDOWS /D HAVE_WVLA /D _WIN32_WINNT=0x0601 /D _DEBUG /D ENABLED_DEBUG_SYNC /D SAFE_MUTEX /D _LARGEFILE_SOURCE /D _LARGE_FILES /D _FILE_OFFSET_BITS=64 /D __STDC_LIMIT_MACROS /D __STDC_CONSTANT_MACROS /D __STDC_FORMAT_MACROS /D "CMAKE_INTDIR=\"Debug\"" /D _MBCS /Gm- /EHsc /RTC1 /MTd /GS /fp:precise /Zc:wchar_t /Zc:forScope /Fo"cmTC_dd460.dir\Debug\\" /Fd"cmTC_dd460.dir\Debug\vc120.pdb" /Gd /TC /wd4800 /wd4805 /wd4996 /analyze- /errorReport:queue  -Wvla "C:\dev\3rdParty\MySQL\Connector-c\6.1.6\CMakeFiles\CMakeTmp\src.c"
cl : Command line error D8021: invalid numeric argument '/Wvla' [C:\dev\3rdParty\MySQL\Connector-c\6.1.6\CMakeFiles\CMakeTmp\cmTC_dd460.vcxproj]
Done Building Project "C:\dev\3rdParty\MySQL\Connector-c\6.1.6\CMakeFiles\CMakeTmp\cmTC_dd460.vcxproj" (default targets) -- FAILED.

Build FAILED.

"C:\dev\3rdParty\MySQL\Connector-c\6.1.6\CMakeFiles\CMakeTmp\cmTC_dd460.vcxproj" (default target) (1) ->
(ClCompile target) -> 
  cl : Command line error D8021: invalid numeric argument '/Wvla' [C:\dev\3rdParty\MySQL\Connector-c\6.1.6\CMakeFiles\CMakeTmp\cmTC_dd460.vcxproj]

    0 Warning(s)
    1 Error(s)

Time Elapsed 00:00:00.43

Source file was:
int main(void) { return 0; }
Determining if the SHA512_DIGEST_LENGTH exist failed with the following output:
Change Dir: C:/dev/3rdParty/MySQL/Connector-c/6.1.6/CMakeFiles/CMakeTmp

Run Build Command:"C:/Program Files (x86)/MSBuild/12.0/bin/MSBuild.exe" "cmTC_b4344.vcxproj" "/p:Configuration=Debug" "/p:VisualStudioVersion=12.0"
Microsoft (R) Build Engine version 12.0.40629.0
[Microsoft .NET Framework, version 4.0.30319.42000]
Copyright (C) Microsoft Corporation. All rights reserved.

Build started 6/30/2016 12:21:30 PM.
Project "C:\dev\3rdParty\MySQL\Connector-c\6.1.6\CMakeFiles\CMakeTmp\cmTC_b4344.vcxproj" on node 1 (default targets).
PrepareForBuild:
  Creating directory "cmTC_b4344.dir\Debug\".
  Creating directory "C:\dev\3rdParty\MySQL\Connector-c\6.1.6\CMakeFiles\CMakeTmp\Debug\".
  Creating directory "cmTC_b4344.dir\Debug\cmTC_b4344.tlog\".
InitializeBuildStatus:
  Creating "cmTC_b4344.dir\Debug\cmTC_b4344.tlog\unsuccessfulbuild" because "AlwaysCreate" was specified.
ClCompile:
  C:\Program Files (x86)\Microsoft Visual Studio 12.0\VC\bin\CL.exe /c /Z7 /W3 /WX- /MP /Od /Ob0 /Oy- /D WIN32 /D _WINDOWS /D _WIN32_WINNT=0x0601 /D _DEBUG /D ENABLED_DEBUG_SYNC /D SAFE_MUTEX /D _LARGEFILE_SOURCE /D _LARGE_FILES /D _FILE_OFFSET_BITS=64 /D __STDC_LIMIT_MACROS /D __STDC_CONSTANT_MACROS /D __STDC_FORMAT_MACROS /D "CMAKE_INTDIR=\"Debug\"" /D _MBCS /Gm- /EHsc /RTC1 /MTd /GS /fp:precise /Zc:wchar_t /Zc:forScope /Fo"cmTC_b4344.dir\Debug\\" /Fd"cmTC_b4344.dir\Debug\vc120.pdb" /Gd /TC /wd4800 /wd4805 /wd4996 /analyze- /errorReport:queue "C:\dev\3rdParty\MySQL\Connector-c\6.1.6\CMakeFiles\CMakeTmp\CheckSymbolExists.c"
  Microsoft (R) C/C++ Optimizing Compiler Version 18.00.40629 for x86
  Copyright (C) Microsoft Corporation.  All rights reserved.
  
  cl /c /Z7 /W3 /WX- /MP /Od /Ob0 /Oy- /D WIN32 /D _WINDOWS /D _WIN32_WINNT=0x0601 /D _DEBUG /D ENABLED_DEBUG_SYNC /D SAFE_MUTEX /D _LARGEFILE_SOURCE /D _LARGE_FILES /D _FILE_OFFSET_BITS=64 /D __STDC_LIMIT_MACROS /D __STDC_CONSTANT_MACROS /D __STDC_FORMAT_MACROS /D "CMAKE_INTDIR=\"Debug\"" /D _MBCS /Gm- /EHsc /RTC1 /MTd /GS /fp:precise /Zc:wchar_t /Zc:forScope /Fo"cmTC_b4344.dir\Debug\\" /Fd"cmTC_b4344.dir\Debug\vc120.pdb" /Gd /TC /wd4800 /wd4805 /wd4996 /analyze- /errorReport:queue "C:\dev\3rdParty\MySQL\Connector-c\6.1.6\CMakeFiles\CMakeTmp\CheckSymbolExists.c"
  
  CheckSymbolExists.c
C:\dev\3rdParty\MySQL\Connector-c\6.1.6\CMakeFiles\CMakeTmp\CheckSymbolExists.c(2): fatal error C1083: Cannot open include file: 'openssl/sha.h': No such file or directory [C:\dev\3rdParty\MySQL\Connector-c\6.1.6\CMakeFiles\CMakeTmp\cmTC_b4344.vcxproj]
Done Building Project "C:\dev\3rdParty\MySQL\Connector-c\6.1.6\CMakeFiles\CMakeTmp\cmTC_b4344.vcxproj" (default targets) -- FAILED.

Build FAILED.

"C:\dev\3rdParty\MySQL\Connector-c\6.1.6\CMakeFiles\CMakeTmp\cmTC_b4344.vcxproj" (default target) (1) ->
(ClCompile target) -> 
  C:\dev\3rdParty\MySQL\Connector-c\6.1.6\CMakeFiles\CMakeTmp\CheckSymbolExists.c(2): fatal error C1083: Cannot open include file: 'openssl/sha.h': No such file or directory [C:\dev\3rdParty\MySQL\Connector-c\6.1.6\CMakeFiles\CMakeTmp\cmTC_b4344.vcxproj]

    0 Warning(s)
    1 Error(s)

Time Elapsed 00:00:00.57

File C:/dev/3rdParty/MySQL/Connector-c/6.1.6/CMakeFiles/CMakeTmp/CheckSymbolExists.c:
/* */
#include <openssl/sha.h>

int main(int argc, char** argv)
{
  (void)argv;
#ifndef SHA512_DIGEST_LENGTH
  return ((int*)(&SHA512_DIGEST_LENGTH))[argc];
#else
  (void)argc;
  return 0;
#endif
}

