c:\dev\3rdparty\mysql\connector-c\6.1.6\extra\yassl\yassl.dir\minsizerel\get_password.obj
c:\dev\3rdparty\mysql\connector-c\6.1.6\extra\yassl\cmakefiles\generate.stamp
c:\dev\3rdparty\mysql\connector-c\6.1.6\extra\yassl\minsizerel\yassl.lib
c:\dev\3rdparty\mysql\connector-c\6.1.6\extra\yassl\yassl.dir\minsizerel\buffer.obj
c:\dev\3rdparty\mysql\connector-c\6.1.6\extra\yassl\yassl.dir\minsizerel\cert_wrapper.obj
c:\dev\3rdparty\mysql\connector-c\6.1.6\extra\yassl\yassl.dir\minsizerel\crypto_wrapper.obj
c:\dev\3rdparty\mysql\connector-c\6.1.6\extra\yassl\yassl.dir\minsizerel\handshake.obj
c:\dev\3rdparty\mysql\connector-c\6.1.6\extra\yassl\yassl.dir\minsizerel\lock.obj
c:\dev\3rdparty\mysql\connector-c\6.1.6\extra\yassl\yassl.dir\minsizerel\log.obj
c:\dev\3rdparty\mysql\connector-c\6.1.6\extra\yassl\yassl.dir\minsizerel\socket_wrapper.obj
c:\dev\3rdparty\mysql\connector-c\6.1.6\extra\yassl\yassl.dir\minsizerel\ssl.obj
c:\dev\3rdparty\mysql\connector-c\6.1.6\extra\yassl\yassl.dir\minsizerel\timer.obj
c:\dev\3rdparty\mysql\connector-c\6.1.6\extra\yassl\yassl.dir\minsizerel\yassl_error.obj
c:\dev\3rdparty\mysql\connector-c\6.1.6\extra\yassl\yassl.dir\minsizerel\yassl_imp.obj
c:\dev\3rdparty\mysql\connector-c\6.1.6\extra\yassl\yassl.dir\minsizerel\yassl_int.obj
c:\dev\3rdparty\mysql\connector-c\6.1.6\extra\yassl\yassl.dir\minsizerel\yassl.tlog\cl.command.1.tlog
c:\dev\3rdparty\mysql\connector-c\6.1.6\extra\yassl\yassl.dir\minsizerel\yassl.tlog\cl.read.1.tlog
c:\dev\3rdparty\mysql\connector-c\6.1.6\extra\yassl\yassl.dir\minsizerel\yassl.tlog\cl.write.1.tlog
c:\dev\3rdparty\mysql\connector-c\6.1.6\extra\yassl\yassl.dir\minsizerel\yassl.tlog\custombuild.command.1.tlog
c:\dev\3rdparty\mysql\connector-c\6.1.6\extra\yassl\yassl.dir\minsizerel\yassl.tlog\custombuild.read.1.tlog
c:\dev\3rdparty\mysql\connector-c\6.1.6\extra\yassl\yassl.dir\minsizerel\yassl.tlog\custombuild.write.1.tlog
c:\dev\3rdparty\mysql\connector-c\6.1.6\extra\yassl\yassl.dir\minsizerel\yassl.tlog\lib-link.read.1.tlog
c:\dev\3rdparty\mysql\connector-c\6.1.6\extra\yassl\yassl.dir\minsizerel\yassl.tlog\lib-link.write.1.tlog
c:\dev\3rdparty\mysql\connector-c\6.1.6\extra\yassl\yassl.dir\minsizerel\yassl.tlog\lib.command.1.tlog
