c:\dev\3rdparty\mysql\connector-c\6.1.6\mysys\cmakefiles\generate.stamp
c:\dev\3rdparty\mysql\connector-c\6.1.6\mysys\relwithdebinfo\mysys.lib
c:\dev\3rdparty\mysql\connector-c\6.1.6\mysys\mysys.dir\relwithdebinfo\array.obj
c:\dev\3rdparty\mysql\connector-c\6.1.6\mysys\mysys.dir\relwithdebinfo\base64.obj
c:\dev\3rdparty\mysql\connector-c\6.1.6\mysys\mysys.dir\relwithdebinfo\charset-def.obj
c:\dev\3rdparty\mysql\connector-c\6.1.6\mysys\mysys.dir\relwithdebinfo\charset.obj
c:\dev\3rdparty\mysql\connector-c\6.1.6\mysys\mysys.dir\relwithdebinfo\checksum.obj
c:\dev\3rdparty\mysql\connector-c\6.1.6\mysys\mysys.dir\relwithdebinfo\errors.obj
c:\dev\3rdparty\mysql\connector-c\6.1.6\mysys\mysys.dir\relwithdebinfo\hash.obj
c:\dev\3rdparty\mysql\connector-c\6.1.6\mysys\mysys.dir\relwithdebinfo\lf_alloc-pin.obj
c:\dev\3rdparty\mysql\connector-c\6.1.6\mysys\mysys.dir\relwithdebinfo\lf_dynarray.obj
c:\dev\3rdparty\mysql\connector-c\6.1.6\mysys\mysys.dir\relwithdebinfo\lf_hash.obj
c:\dev\3rdparty\mysql\connector-c\6.1.6\mysys\mysys.dir\relwithdebinfo\list.obj
c:\dev\3rdparty\mysql\connector-c\6.1.6\mysys\mysys.dir\relwithdebinfo\mf_arr_appstr.obj
c:\dev\3rdparty\mysql\connector-c\6.1.6\mysys\mysys.dir\relwithdebinfo\mf_cache.obj
c:\dev\3rdparty\mysql\connector-c\6.1.6\mysys\mysys.dir\relwithdebinfo\mf_dirname.obj
c:\dev\3rdparty\mysql\connector-c\6.1.6\mysys\mysys.dir\relwithdebinfo\mf_fn_ext.obj
c:\dev\3rdparty\mysql\connector-c\6.1.6\mysys\mysys.dir\relwithdebinfo\mf_format.obj
c:\dev\3rdparty\mysql\connector-c\6.1.6\mysys\mysys.dir\relwithdebinfo\mf_getdate.obj
c:\dev\3rdparty\mysql\connector-c\6.1.6\mysys\mysys.dir\relwithdebinfo\mf_iocache.obj
c:\dev\3rdparty\mysql\connector-c\6.1.6\mysys\mysys.dir\relwithdebinfo\mf_iocache2.obj
c:\dev\3rdparty\mysql\connector-c\6.1.6\mysys\mysys.dir\relwithdebinfo\mf_keycache.obj
c:\dev\3rdparty\mysql\connector-c\6.1.6\mysys\mysys.dir\relwithdebinfo\mf_keycaches.obj
c:\dev\3rdparty\mysql\connector-c\6.1.6\mysys\mysys.dir\relwithdebinfo\mf_loadpath.obj
c:\dev\3rdparty\mysql\connector-c\6.1.6\mysys\mysys.dir\relwithdebinfo\mf_pack.obj
c:\dev\3rdparty\mysql\connector-c\6.1.6\mysys\mysys.dir\relwithdebinfo\mf_path.obj
c:\dev\3rdparty\mysql\connector-c\6.1.6\mysys\mysys.dir\relwithdebinfo\mf_qsort.obj
c:\dev\3rdparty\mysql\connector-c\6.1.6\mysys\mysys.dir\relwithdebinfo\mf_qsort2.obj
c:\dev\3rdparty\mysql\connector-c\6.1.6\mysys\mysys.dir\relwithdebinfo\mf_radix.obj
c:\dev\3rdparty\mysql\connector-c\6.1.6\mysys\mysys.dir\relwithdebinfo\mf_same.obj
c:\dev\3rdparty\mysql\connector-c\6.1.6\mysys\mysys.dir\relwithdebinfo\mf_soundex.obj
c:\dev\3rdparty\mysql\connector-c\6.1.6\mysys\mysys.dir\relwithdebinfo\mf_tempfile.obj
c:\dev\3rdparty\mysql\connector-c\6.1.6\mysys\mysys.dir\relwithdebinfo\mf_unixpath.obj
c:\dev\3rdparty\mysql\connector-c\6.1.6\mysys\mysys.dir\relwithdebinfo\mf_wcomp.obj
c:\dev\3rdparty\mysql\connector-c\6.1.6\mysys\mysys.dir\relwithdebinfo\mulalloc.obj
c:\dev\3rdparty\mysql\connector-c\6.1.6\mysys\mysys.dir\relwithdebinfo\my_access.obj
c:\dev\3rdparty\mysql\connector-c\6.1.6\mysys\mysys.dir\relwithdebinfo\my_alloc.obj
c:\dev\3rdparty\mysql\connector-c\6.1.6\mysys\mysys.dir\relwithdebinfo\my_bit.obj
c:\dev\3rdparty\mysql\connector-c\6.1.6\mysys\mysys.dir\relwithdebinfo\my_bitmap.obj
c:\dev\3rdparty\mysql\connector-c\6.1.6\mysys\mysys.dir\relwithdebinfo\my_chmod.obj
c:\dev\3rdparty\mysql\connector-c\6.1.6\mysys\mysys.dir\relwithdebinfo\my_chsize.obj
c:\dev\3rdparty\mysql\connector-c\6.1.6\mysys\mysys.dir\relwithdebinfo\my_compare.obj
c:\dev\3rdparty\mysql\connector-c\6.1.6\mysys\mysys.dir\relwithdebinfo\my_compress.obj
c:\dev\3rdparty\mysql\connector-c\6.1.6\mysys\mysys.dir\relwithdebinfo\my_conio.obj
c:\dev\3rdparty\mysql\connector-c\6.1.6\mysys\mysys.dir\relwithdebinfo\my_copy.obj
c:\dev\3rdparty\mysql\connector-c\6.1.6\mysys\mysys.dir\relwithdebinfo\my_create.obj
c:\dev\3rdparty\mysql\connector-c\6.1.6\mysys\mysys.dir\relwithdebinfo\my_delete.obj
c:\dev\3rdparty\mysql\connector-c\6.1.6\mysys\mysys.dir\relwithdebinfo\my_div.obj
c:\dev\3rdparty\mysql\connector-c\6.1.6\mysys\mysys.dir\relwithdebinfo\my_error.obj
c:\dev\3rdparty\mysql\connector-c\6.1.6\mysys\mysys.dir\relwithdebinfo\my_file.obj
c:\dev\3rdparty\mysql\connector-c\6.1.6\mysys\mysys.dir\relwithdebinfo\my_fopen.obj
c:\dev\3rdparty\mysql\connector-c\6.1.6\mysys\mysys.dir\relwithdebinfo\my_fstream.obj
c:\dev\3rdparty\mysql\connector-c\6.1.6\mysys\mysys.dir\relwithdebinfo\my_gethwaddr.obj
c:\dev\3rdparty\mysql\connector-c\6.1.6\mysys\mysys.dir\relwithdebinfo\my_getsystime.obj
c:\dev\3rdparty\mysql\connector-c\6.1.6\mysys\mysys.dir\relwithdebinfo\my_getwd.obj
c:\dev\3rdparty\mysql\connector-c\6.1.6\mysys\mysys.dir\relwithdebinfo\my_init.obj
c:\dev\3rdparty\mysql\connector-c\6.1.6\mysys\mysys.dir\relwithdebinfo\my_lib.obj
c:\dev\3rdparty\mysql\connector-c\6.1.6\mysys\mysys.dir\relwithdebinfo\my_lock.obj
c:\dev\3rdparty\mysql\connector-c\6.1.6\mysys\mysys.dir\relwithdebinfo\my_malloc.obj
c:\dev\3rdparty\mysql\connector-c\6.1.6\mysys\mysys.dir\relwithdebinfo\my_memmem.obj
c:\dev\3rdparty\mysql\connector-c\6.1.6\mysys\mysys.dir\relwithdebinfo\my_mess.obj
c:\dev\3rdparty\mysql\connector-c\6.1.6\mysys\mysys.dir\relwithdebinfo\my_mkdir.obj
c:\dev\3rdparty\mysql\connector-c\6.1.6\mysys\mysys.dir\relwithdebinfo\my_mmap.obj
c:\dev\3rdparty\mysql\connector-c\6.1.6\mysys\mysys.dir\relwithdebinfo\my_once.obj
c:\dev\3rdparty\mysql\connector-c\6.1.6\mysys\mysys.dir\relwithdebinfo\my_open.obj
c:\dev\3rdparty\mysql\connector-c\6.1.6\mysys\mysys.dir\relwithdebinfo\my_pread.obj
c:\dev\3rdparty\mysql\connector-c\6.1.6\mysys\mysys.dir\relwithdebinfo\my_rdtsc.obj
c:\dev\3rdparty\mysql\connector-c\6.1.6\mysys\mysys.dir\relwithdebinfo\my_read.obj
c:\dev\3rdparty\mysql\connector-c\6.1.6\mysys\mysys.dir\relwithdebinfo\my_redel.obj
c:\dev\3rdparty\mysql\connector-c\6.1.6\mysys\mysys.dir\relwithdebinfo\my_rename.obj
c:\dev\3rdparty\mysql\connector-c\6.1.6\mysys\mysys.dir\relwithdebinfo\my_seek.obj
c:\dev\3rdparty\mysql\connector-c\6.1.6\mysys\mysys.dir\relwithdebinfo\my_static.obj
c:\dev\3rdparty\mysql\connector-c\6.1.6\mysys\mysys.dir\relwithdebinfo\my_symlink.obj
c:\dev\3rdparty\mysql\connector-c\6.1.6\mysys\mysys.dir\relwithdebinfo\my_symlink2.obj
c:\dev\3rdparty\mysql\connector-c\6.1.6\mysys\mysys.dir\relwithdebinfo\my_sync.obj
c:\dev\3rdparty\mysql\connector-c\6.1.6\mysys\mysys.dir\relwithdebinfo\my_syslog.obj
c:\dev\3rdparty\mysql\connector-c\6.1.6\mysys\mysys.dir\relwithdebinfo\my_thr_init.obj
c:\dev\3rdparty\mysql\connector-c\6.1.6\mysys\mysys.dir\relwithdebinfo\my_windac.obj
c:\dev\3rdparty\mysql\connector-c\6.1.6\mysys\mysys.dir\relwithdebinfo\my_winerr.obj
c:\dev\3rdparty\mysql\connector-c\6.1.6\mysys\mysys.dir\relwithdebinfo\my_winfile.obj
c:\dev\3rdparty\mysql\connector-c\6.1.6\mysys\mysys.dir\relwithdebinfo\my_winthread.obj
c:\dev\3rdparty\mysql\connector-c\6.1.6\mysys\mysys.dir\relwithdebinfo\my_write.obj
c:\dev\3rdparty\mysql\connector-c\6.1.6\mysys\mysys.dir\relwithdebinfo\psi_noop.obj
c:\dev\3rdparty\mysql\connector-c\6.1.6\mysys\mysys.dir\relwithdebinfo\ptr_cmp.obj
c:\dev\3rdparty\mysql\connector-c\6.1.6\mysys\mysys.dir\relwithdebinfo\queues.obj
c:\dev\3rdparty\mysql\connector-c\6.1.6\mysys\mysys.dir\relwithdebinfo\stacktrace.obj
c:\dev\3rdparty\mysql\connector-c\6.1.6\mysys\mysys.dir\relwithdebinfo\string.obj
c:\dev\3rdparty\mysql\connector-c\6.1.6\mysys\mysys.dir\relwithdebinfo\thr_cond.obj
c:\dev\3rdparty\mysql\connector-c\6.1.6\mysys\mysys.dir\relwithdebinfo\thr_lock.obj
c:\dev\3rdparty\mysql\connector-c\6.1.6\mysys\mysys.dir\relwithdebinfo\thr_mutex.obj
c:\dev\3rdparty\mysql\connector-c\6.1.6\mysys\mysys.dir\relwithdebinfo\thr_rwlock.obj
c:\dev\3rdparty\mysql\connector-c\6.1.6\mysys\mysys.dir\relwithdebinfo\tree.obj
c:\dev\3rdparty\mysql\connector-c\6.1.6\mysys\mysys.dir\relwithdebinfo\typelib.obj
c:\dev\3rdparty\mysql\connector-c\6.1.6\mysys\mysys.dir\relwithdebinfo\win_timers.obj
c:\dev\3rdparty\mysql\connector-c\6.1.6\mysys\mysys.dir\relwithdebinfo\mysys.tlog\cl.command.1.tlog
c:\dev\3rdparty\mysql\connector-c\6.1.6\mysys\mysys.dir\relwithdebinfo\mysys.tlog\cl.read.1.tlog
c:\dev\3rdparty\mysql\connector-c\6.1.6\mysys\mysys.dir\relwithdebinfo\mysys.tlog\custombuild.command.1.tlog
c:\dev\3rdparty\mysql\connector-c\6.1.6\mysys\mysys.dir\relwithdebinfo\mysys.tlog\custombuild.read.1.tlog
c:\dev\3rdparty\mysql\connector-c\6.1.6\mysys\mysys.dir\relwithdebinfo\mysys.tlog\custombuild.write.1.tlog
c:\dev\3rdparty\mysql\connector-c\6.1.6\mysys\mysys.dir\relwithdebinfo\mysys.tlog\lib-link.read.1.tlog
c:\dev\3rdparty\mysql\connector-c\6.1.6\mysys\mysys.dir\relwithdebinfo\mysys.tlog\lib-link.write.1.tlog
c:\dev\3rdparty\mysql\connector-c\6.1.6\mysys\mysys.dir\relwithdebinfo\mysys.tlog\lib.command.1.tlog
