c:\dev\3rdparty\mysql\connector-c\6.1.6\cmakefiles\generate.stamp
c:\dev\3rdparty\mysql\connector-c\6.1.6\zlib\cmakefiles\generate.stamp
c:\dev\3rdparty\mysql\connector-c\6.1.6\extra\yassl\cmakefiles\generate.stamp
c:\dev\3rdparty\mysql\connector-c\6.1.6\extra\yassl\taocrypt\cmakefiles\generate.stamp
c:\dev\3rdparty\mysql\connector-c\6.1.6\include\cmakefiles\generate.stamp
c:\dev\3rdparty\mysql\connector-c\6.1.6\dbug\cmakefiles\generate.stamp
c:\dev\3rdparty\mysql\connector-c\6.1.6\strings\cmakefiles\generate.stamp
c:\dev\3rdparty\mysql\connector-c\6.1.6\vio\cmakefiles\generate.stamp
c:\dev\3rdparty\mysql\connector-c\6.1.6\regex\cmakefiles\generate.stamp
c:\dev\3rdparty\mysql\connector-c\6.1.6\mysys\cmakefiles\generate.stamp
c:\dev\3rdparty\mysql\connector-c\6.1.6\mysys_ssl\cmakefiles\generate.stamp
c:\dev\3rdparty\mysql\connector-c\6.1.6\libmysql\cmakefiles\generate.stamp
c:\dev\3rdparty\mysql\connector-c\6.1.6\libmysql\authentication_win\cmakefiles\generate.stamp
c:\dev\3rdparty\mysql\connector-c\6.1.6\extra\cmakefiles\generate.stamp
c:\dev\3rdparty\mysql\connector-c\6.1.6\scripts\cmakefiles\generate.stamp
c:\dev\3rdparty\mysql\connector-c\6.1.6\tests\cmakefiles\generate.stamp
c:\dev\3rdparty\mysql\connector-c\6.1.6\support-files\cmakefiles\generate.stamp
c:\dev\3rdparty\mysql\connector-c\6.1.6\packaging\wix\cmakefiles\generate.stamp
c:\dev\3rdparty\mysql\connector-c\6.1.6\win32\relwithdebinfo\zero_check\zero_check.tlog\custombuild.command.1.tlog
c:\dev\3rdparty\mysql\connector-c\6.1.6\win32\relwithdebinfo\zero_check\zero_check.tlog\custombuild.read.1.tlog
c:\dev\3rdparty\mysql\connector-c\6.1.6\win32\relwithdebinfo\zero_check\zero_check.tlog\custombuild.write.1.tlog
