c:\dev\3rdparty\mysql\connector-c\6.1.6\mysys_ssl\cmakefiles\generate.stamp
c:\dev\3rdparty\mysql\connector-c\6.1.6\mysys_ssl\minsizerel\mysys_ssl.lib
c:\dev\3rdparty\mysql\connector-c\6.1.6\mysys_ssl\mysys_ssl.dir\minsizerel\crypt_genhash_impl.obj
c:\dev\3rdparty\mysql\connector-c\6.1.6\mysys_ssl\mysys_ssl.dir\minsizerel\mf_tempdir.obj
c:\dev\3rdparty\mysql\connector-c\6.1.6\mysys_ssl\mysys_ssl.dir\minsizerel\my_aes.obj
c:\dev\3rdparty\mysql\connector-c\6.1.6\mysys_ssl\mysys_ssl.dir\minsizerel\my_aes_yassl.obj
c:\dev\3rdparty\mysql\connector-c\6.1.6\mysys_ssl\mysys_ssl.dir\minsizerel\my_default.obj
c:\dev\3rdparty\mysql\connector-c\6.1.6\mysys_ssl\mysys_ssl.dir\minsizerel\my_getopt.obj
c:\dev\3rdparty\mysql\connector-c\6.1.6\mysys_ssl\mysys_ssl.dir\minsizerel\my_md5.obj
c:\dev\3rdparty\mysql\connector-c\6.1.6\mysys_ssl\mysys_ssl.dir\minsizerel\my_murmur3.obj
c:\dev\3rdparty\mysql\connector-c\6.1.6\mysys_ssl\mysys_ssl.dir\minsizerel\my_rnd.obj
c:\dev\3rdparty\mysql\connector-c\6.1.6\mysys_ssl\mysys_ssl.dir\minsizerel\my_sha1.obj
c:\dev\3rdparty\mysql\connector-c\6.1.6\mysys_ssl\mysys_ssl.dir\minsizerel\my_sha2.obj
c:\dev\3rdparty\mysql\connector-c\6.1.6\mysys_ssl\mysys_ssl.dir\minsizerel\mysys_ssl.tlog\cl.command.1.tlog
c:\dev\3rdparty\mysql\connector-c\6.1.6\mysys_ssl\mysys_ssl.dir\minsizerel\mysys_ssl.tlog\cl.read.1.tlog
c:\dev\3rdparty\mysql\connector-c\6.1.6\mysys_ssl\mysys_ssl.dir\minsizerel\mysys_ssl.tlog\custombuild.command.1.tlog
c:\dev\3rdparty\mysql\connector-c\6.1.6\mysys_ssl\mysys_ssl.dir\minsizerel\mysys_ssl.tlog\custombuild.read.1.tlog
c:\dev\3rdparty\mysql\connector-c\6.1.6\mysys_ssl\mysys_ssl.dir\minsizerel\mysys_ssl.tlog\custombuild.write.1.tlog
c:\dev\3rdparty\mysql\connector-c\6.1.6\mysys_ssl\mysys_ssl.dir\minsizerel\mysys_ssl.tlog\lib-link.read.1.tlog
c:\dev\3rdparty\mysql\connector-c\6.1.6\mysys_ssl\mysys_ssl.dir\minsizerel\mysys_ssl.tlog\lib-link.write.1.tlog
c:\dev\3rdparty\mysql\connector-c\6.1.6\mysys_ssl\mysys_ssl.dir\minsizerel\mysys_ssl.tlog\lib.command.1.tlog
