c:\dev\3rdparty\mysql\connector-c\6.1.6\libmysql\clientlib.dir\release\net_serv.obj
c:\dev\3rdparty\mysql\connector-c\6.1.6\libmysql\clientlib.dir\release\client_authentication.obj
c:\dev\3rdparty\mysql\connector-c\6.1.6\libmysql\cmakefiles\generate.stamp
c:\dev\3rdparty\mysql\connector-c\6.1.6\libmysql\release\clientlib.lib
c:\dev\3rdparty\mysql\connector-c\6.1.6\libmysql\clientlib.dir\release\client.obj
c:\dev\3rdparty\mysql\connector-c\6.1.6\libmysql\clientlib.dir\release\client_plugin.obj
c:\dev\3rdparty\mysql\connector-c\6.1.6\libmysql\clientlib.dir\release\errmsg.obj
c:\dev\3rdparty\mysql\connector-c\6.1.6\libmysql\clientlib.dir\release\get_password.obj
c:\dev\3rdparty\mysql\connector-c\6.1.6\libmysql\clientlib.dir\release\libmysql.obj
c:\dev\3rdparty\mysql\connector-c\6.1.6\libmysql\clientlib.dir\release\mysql_trace.obj
c:\dev\3rdparty\mysql\connector-c\6.1.6\libmysql\clientlib.dir\release\my_time.obj
c:\dev\3rdparty\mysql\connector-c\6.1.6\libmysql\clientlib.dir\release\pack.obj
c:\dev\3rdparty\mysql\connector-c\6.1.6\libmysql\clientlib.dir\release\password.obj
c:\dev\3rdparty\mysql\connector-c\6.1.6\libmysql\clientlib.dir\release\clientlib.tlog\cl.command.1.tlog
c:\dev\3rdparty\mysql\connector-c\6.1.6\libmysql\clientlib.dir\release\clientlib.tlog\cl.read.1.tlog
c:\dev\3rdparty\mysql\connector-c\6.1.6\libmysql\clientlib.dir\release\clientlib.tlog\cl.write.1.tlog
c:\dev\3rdparty\mysql\connector-c\6.1.6\libmysql\clientlib.dir\release\clientlib.tlog\custombuild.command.1.tlog
c:\dev\3rdparty\mysql\connector-c\6.1.6\libmysql\clientlib.dir\release\clientlib.tlog\custombuild.read.1.tlog
c:\dev\3rdparty\mysql\connector-c\6.1.6\libmysql\clientlib.dir\release\clientlib.tlog\custombuild.write.1.tlog
c:\dev\3rdparty\mysql\connector-c\6.1.6\libmysql\clientlib.dir\release\clientlib.tlog\lib-link.read.1.tlog
c:\dev\3rdparty\mysql\connector-c\6.1.6\libmysql\clientlib.dir\release\clientlib.tlog\lib-link.write.1.tlog
c:\dev\3rdparty\mysql\connector-c\6.1.6\libmysql\clientlib.dir\release\clientlib.tlog\lib.command.1.tlog
