c:\dev\3rdparty\mysql\connector-c\6.1.6\strings\cmakefiles\generate.stamp
c:\dev\3rdparty\mysql\connector-c\6.1.6\strings\minsizerel\strings.lib
c:\dev\3rdparty\mysql\connector-c\6.1.6\strings\strings.dir\minsizerel\bchange.obj
c:\dev\3rdparty\mysql\connector-c\6.1.6\strings\strings.dir\minsizerel\ctype-big5.obj
c:\dev\3rdparty\mysql\connector-c\6.1.6\strings\strings.dir\minsizerel\ctype-bin.obj
c:\dev\3rdparty\mysql\connector-c\6.1.6\strings\strings.dir\minsizerel\ctype-cp932.obj
c:\dev\3rdparty\mysql\connector-c\6.1.6\strings\strings.dir\minsizerel\ctype-czech.obj
c:\dev\3rdparty\mysql\connector-c\6.1.6\strings\strings.dir\minsizerel\ctype-eucjpms.obj
c:\dev\3rdparty\mysql\connector-c\6.1.6\strings\strings.dir\minsizerel\ctype-euc_kr.obj
c:\dev\3rdparty\mysql\connector-c\6.1.6\strings\strings.dir\minsizerel\ctype-extra.obj
c:\dev\3rdparty\mysql\connector-c\6.1.6\strings\strings.dir\minsizerel\ctype-gb18030.obj
c:\dev\3rdparty\mysql\connector-c\6.1.6\strings\strings.dir\minsizerel\ctype-gb2312.obj
c:\dev\3rdparty\mysql\connector-c\6.1.6\strings\strings.dir\minsizerel\ctype-gbk.obj
c:\dev\3rdparty\mysql\connector-c\6.1.6\strings\strings.dir\minsizerel\ctype-latin1.obj
c:\dev\3rdparty\mysql\connector-c\6.1.6\strings\strings.dir\minsizerel\ctype-mb.obj
c:\dev\3rdparty\mysql\connector-c\6.1.6\strings\strings.dir\minsizerel\ctype-simple.obj
c:\dev\3rdparty\mysql\connector-c\6.1.6\strings\strings.dir\minsizerel\ctype-sjis.obj
c:\dev\3rdparty\mysql\connector-c\6.1.6\strings\strings.dir\minsizerel\ctype-tis620.obj
c:\dev\3rdparty\mysql\connector-c\6.1.6\strings\strings.dir\minsizerel\ctype-uca.obj
c:\dev\3rdparty\mysql\connector-c\6.1.6\strings\strings.dir\minsizerel\ctype-ucs2.obj
c:\dev\3rdparty\mysql\connector-c\6.1.6\strings\strings.dir\minsizerel\ctype-ujis.obj
c:\dev\3rdparty\mysql\connector-c\6.1.6\strings\strings.dir\minsizerel\ctype-utf8.obj
c:\dev\3rdparty\mysql\connector-c\6.1.6\strings\strings.dir\minsizerel\ctype-win1250ch.obj
c:\dev\3rdparty\mysql\connector-c\6.1.6\strings\strings.dir\minsizerel\ctype.obj
c:\dev\3rdparty\mysql\connector-c\6.1.6\strings\strings.dir\minsizerel\decimal.obj
c:\dev\3rdparty\mysql\connector-c\6.1.6\strings\strings.dir\minsizerel\dtoa.obj
c:\dev\3rdparty\mysql\connector-c\6.1.6\strings\strings.dir\minsizerel\int2str.obj
c:\dev\3rdparty\mysql\connector-c\6.1.6\strings\strings.dir\minsizerel\is_prefix.obj
c:\dev\3rdparty\mysql\connector-c\6.1.6\strings\strings.dir\minsizerel\llstr.obj
c:\dev\3rdparty\mysql\connector-c\6.1.6\strings\strings.dir\minsizerel\longlong2str.obj
c:\dev\3rdparty\mysql\connector-c\6.1.6\strings\strings.dir\minsizerel\my_stpmov.obj
c:\dev\3rdparty\mysql\connector-c\6.1.6\strings\strings.dir\minsizerel\my_stpnmov.obj
c:\dev\3rdparty\mysql\connector-c\6.1.6\strings\strings.dir\minsizerel\my_strchr.obj
c:\dev\3rdparty\mysql\connector-c\6.1.6\strings\strings.dir\minsizerel\my_strtoll10.obj
c:\dev\3rdparty\mysql\connector-c\6.1.6\strings\strings.dir\minsizerel\my_vsnprintf.obj
c:\dev\3rdparty\mysql\connector-c\6.1.6\strings\strings.dir\minsizerel\str2int.obj
c:\dev\3rdparty\mysql\connector-c\6.1.6\strings\strings.dir\minsizerel\strappend.obj
c:\dev\3rdparty\mysql\connector-c\6.1.6\strings\strings.dir\minsizerel\strcend.obj
c:\dev\3rdparty\mysql\connector-c\6.1.6\strings\strings.dir\minsizerel\strcont.obj
c:\dev\3rdparty\mysql\connector-c\6.1.6\strings\strings.dir\minsizerel\strend.obj
c:\dev\3rdparty\mysql\connector-c\6.1.6\strings\strings.dir\minsizerel\strfill.obj
c:\dev\3rdparty\mysql\connector-c\6.1.6\strings\strings.dir\minsizerel\strmake.obj
c:\dev\3rdparty\mysql\connector-c\6.1.6\strings\strings.dir\minsizerel\strxmov.obj
c:\dev\3rdparty\mysql\connector-c\6.1.6\strings\strings.dir\minsizerel\strxnmov.obj
c:\dev\3rdparty\mysql\connector-c\6.1.6\strings\strings.dir\minsizerel\str_alloc.obj
c:\dev\3rdparty\mysql\connector-c\6.1.6\strings\strings.dir\minsizerel\xml.obj
c:\dev\3rdparty\mysql\connector-c\6.1.6\strings\strings.dir\minsizerel\strings.tlog\cl.command.1.tlog
c:\dev\3rdparty\mysql\connector-c\6.1.6\strings\strings.dir\minsizerel\strings.tlog\cl.read.1.tlog
c:\dev\3rdparty\mysql\connector-c\6.1.6\strings\strings.dir\minsizerel\strings.tlog\custombuild.command.1.tlog
c:\dev\3rdparty\mysql\connector-c\6.1.6\strings\strings.dir\minsizerel\strings.tlog\custombuild.read.1.tlog
c:\dev\3rdparty\mysql\connector-c\6.1.6\strings\strings.dir\minsizerel\strings.tlog\custombuild.write.1.tlog
c:\dev\3rdparty\mysql\connector-c\6.1.6\strings\strings.dir\minsizerel\strings.tlog\lib-link.read.1.tlog
c:\dev\3rdparty\mysql\connector-c\6.1.6\strings\strings.dir\minsizerel\strings.tlog\lib-link.write.1.tlog
c:\dev\3rdparty\mysql\connector-c\6.1.6\strings\strings.dir\minsizerel\strings.tlog\lib.command.1.tlog
