Build started 7/15/2016 12:14:05 PM.
     1>Project "C:\dev\3rdParty\MySQL\Connector-c\6.1.6\zlib\zlib.vcxproj" on node 2 (Rebuild target(s)).
     1>CustomBuild:
         Building Custom Rule C:/dev/3rdParty/MySQL/Connector-c/6.1.6/zlib/CMakeLists.txt
         CMake does not need to re-run because C:\dev\3rdParty\MySQL\Connector-c\6.1.6\zlib\CMakeFiles\generate.stamp is up-to-date.
       ClCompile:
         C:\Program Files (x86)\Microsoft Visual Studio 12.0\VC\bin\CL.exe /c /I"C:\dev\3rdParty\MySQL\Connector-c\6.1.6\include" /I"C:\dev\3rdParty\MySQL\Connector-c\6.1.6\extra\rapidjson\include" /I"C:\dev\3rdParty\MySQL\Connector-c\6.1.6\zlib" /nologo /W3 /WX- /MP /O1 /Ob1 /Oy- /D WIN32 /D _WINDOWS /D NDEBUG /D DBUG_OFF /D _WIN32_WINNT=0x0601 /D WIN32_LEAN_AND_MEAN /D NOGDI /D NOMINMAX /D HAVE_CONFIG_H /D "CMAKE_INTDIR=\"MinSizeRel\"" /D _USING_V110_SDK71_ /D _MBCS /Gm- /MD /GS /fp:precise /Zc:wchar_t /Zc:forScope /Fo"zlib.dir\MinSizeRel\\" /Fd"zlib.dir\MinSizeRel\vc120.pdb" /Gd /TC /wd4800 /wd4805 /wd4996 /analyze- /errorReport:prompt "C:\dev\3rdParty\MySQL\Connector-c\6.1.6\zlib\adler32.c" "C:\dev\3rdParty\MySQL\Connector-c\6.1.6\zlib\compress.c" "C:\dev\3rdParty\MySQL\Connector-c\6.1.6\zlib\crc32.c" "C:\dev\3rdParty\MySQL\Connector-c\6.1.6\zlib\deflate.c" "C:\dev\3rdParty\MySQL\Connector-c\6.1.6\zlib\gzio.c" "C:\dev\3rdParty\MySQL\Connector-c\6.1.6\zlib\infback.c" "C:\dev\3rdParty\MySQL\Connector-c\6.1.6\zlib\inffast.c" "C:\dev\3rdParty\MySQL\Connector-c\6.1.6\zlib\inflate.c" "C:\dev\3rdParty\MySQL\Connector-c\6.1.6\zlib\inftrees.c" "C:\dev\3rdParty\MySQL\Connector-c\6.1.6\zlib\trees.c" "C:\dev\3rdParty\MySQL\Connector-c\6.1.6\zlib\uncompr.c" "C:\dev\3rdParty\MySQL\Connector-c\6.1.6\zlib\zutil.c"
         adler32.c
         compress.c
         crc32.c
         deflate.c
         gzio.c
         infback.c
         inffast.c
         inflate.c
         inftrees.c
         trees.c
         uncompr.c
         zutil.c
       Lib:
         C:\Program Files (x86)\Microsoft Visual Studio 12.0\VC\bin\Lib.exe /OUT:"C:\dev\3rdParty\MySQL\Connector-c\6.1.6\zlib\MinSizeRel\zlib.lib" /NOLOGO  /machine:X86 zlib.dir\MinSizeRel\adler32.obj
         zlib.dir\MinSizeRel\compress.obj
         zlib.dir\MinSizeRel\crc32.obj
         zlib.dir\MinSizeRel\deflate.obj
         zlib.dir\MinSizeRel\gzio.obj
         zlib.dir\MinSizeRel\infback.obj
         zlib.dir\MinSizeRel\inffast.obj
         zlib.dir\MinSizeRel\inflate.obj
         zlib.dir\MinSizeRel\inftrees.obj
         zlib.dir\MinSizeRel\trees.obj
         zlib.dir\MinSizeRel\uncompr.obj
         zlib.dir\MinSizeRel\zutil.obj
         zlib.vcxproj -> C:\dev\3rdParty\MySQL\Connector-c\6.1.6\zlib\MinSizeRel\zlib.lib
     1>Done Building Project "C:\dev\3rdParty\MySQL\Connector-c\6.1.6\zlib\zlib.vcxproj" (Rebuild target(s)).

Build succeeded.

Time Elapsed 00:00:00.65
