c:\dev\3rdparty\mysql\connector-c\6.1.6\zlib\cmakefiles\generate.stamp
c:\dev\3rdparty\mysql\connector-c\6.1.6\zlib\minsizerel\zlib.lib
c:\dev\3rdparty\mysql\connector-c\6.1.6\zlib\zlib.dir\minsizerel\adler32.obj
c:\dev\3rdparty\mysql\connector-c\6.1.6\zlib\zlib.dir\minsizerel\compress.obj
c:\dev\3rdparty\mysql\connector-c\6.1.6\zlib\zlib.dir\minsizerel\crc32.obj
c:\dev\3rdparty\mysql\connector-c\6.1.6\zlib\zlib.dir\minsizerel\deflate.obj
c:\dev\3rdparty\mysql\connector-c\6.1.6\zlib\zlib.dir\minsizerel\gzio.obj
c:\dev\3rdparty\mysql\connector-c\6.1.6\zlib\zlib.dir\minsizerel\infback.obj
c:\dev\3rdparty\mysql\connector-c\6.1.6\zlib\zlib.dir\minsizerel\inffast.obj
c:\dev\3rdparty\mysql\connector-c\6.1.6\zlib\zlib.dir\minsizerel\inflate.obj
c:\dev\3rdparty\mysql\connector-c\6.1.6\zlib\zlib.dir\minsizerel\inftrees.obj
c:\dev\3rdparty\mysql\connector-c\6.1.6\zlib\zlib.dir\minsizerel\trees.obj
c:\dev\3rdparty\mysql\connector-c\6.1.6\zlib\zlib.dir\minsizerel\uncompr.obj
c:\dev\3rdparty\mysql\connector-c\6.1.6\zlib\zlib.dir\minsizerel\zutil.obj
c:\dev\3rdparty\mysql\connector-c\6.1.6\zlib\zlib.dir\minsizerel\zlib.tlog\cl.command.1.tlog
c:\dev\3rdparty\mysql\connector-c\6.1.6\zlib\zlib.dir\minsizerel\zlib.tlog\cl.read.1.tlog
c:\dev\3rdparty\mysql\connector-c\6.1.6\zlib\zlib.dir\minsizerel\zlib.tlog\custombuild.command.1.tlog
c:\dev\3rdparty\mysql\connector-c\6.1.6\zlib\zlib.dir\minsizerel\zlib.tlog\custombuild.read.1.tlog
c:\dev\3rdparty\mysql\connector-c\6.1.6\zlib\zlib.dir\minsizerel\zlib.tlog\custombuild.write.1.tlog
c:\dev\3rdparty\mysql\connector-c\6.1.6\zlib\zlib.dir\minsizerel\zlib.tlog\lib-link.read.1.tlog
c:\dev\3rdparty\mysql\connector-c\6.1.6\zlib\zlib.dir\minsizerel\zlib.tlog\lib-link.write.1.tlog
c:\dev\3rdparty\mysql\connector-c\6.1.6\zlib\zlib.dir\minsizerel\zlib.tlog\lib.command.1.tlog
