c:\dev\3rdparty\mysql\connector-c\6.1.6\mysys\cmakefiles\generate.stamp
c:\dev\3rdparty\mysql\connector-c\6.1.6\mysys\minsizerel\mysys.lib
c:\dev\3rdparty\mysql\connector-c\6.1.6\mysys\mysys.dir\minsizerel\array.obj
c:\dev\3rdparty\mysql\connector-c\6.1.6\mysys\mysys.dir\minsizerel\base64.obj
c:\dev\3rdparty\mysql\connector-c\6.1.6\mysys\mysys.dir\minsizerel\charset-def.obj
c:\dev\3rdparty\mysql\connector-c\6.1.6\mysys\mysys.dir\minsizerel\charset.obj
c:\dev\3rdparty\mysql\connector-c\6.1.6\mysys\mysys.dir\minsizerel\checksum.obj
c:\dev\3rdparty\mysql\connector-c\6.1.6\mysys\mysys.dir\minsizerel\errors.obj
c:\dev\3rdparty\mysql\connector-c\6.1.6\mysys\mysys.dir\minsizerel\hash.obj
c:\dev\3rdparty\mysql\connector-c\6.1.6\mysys\mysys.dir\minsizerel\lf_alloc-pin.obj
c:\dev\3rdparty\mysql\connector-c\6.1.6\mysys\mysys.dir\minsizerel\lf_dynarray.obj
c:\dev\3rdparty\mysql\connector-c\6.1.6\mysys\mysys.dir\minsizerel\lf_hash.obj
c:\dev\3rdparty\mysql\connector-c\6.1.6\mysys\mysys.dir\minsizerel\list.obj
c:\dev\3rdparty\mysql\connector-c\6.1.6\mysys\mysys.dir\minsizerel\mf_arr_appstr.obj
c:\dev\3rdparty\mysql\connector-c\6.1.6\mysys\mysys.dir\minsizerel\mf_cache.obj
c:\dev\3rdparty\mysql\connector-c\6.1.6\mysys\mysys.dir\minsizerel\mf_dirname.obj
c:\dev\3rdparty\mysql\connector-c\6.1.6\mysys\mysys.dir\minsizerel\mf_fn_ext.obj
c:\dev\3rdparty\mysql\connector-c\6.1.6\mysys\mysys.dir\minsizerel\mf_format.obj
c:\dev\3rdparty\mysql\connector-c\6.1.6\mysys\mysys.dir\minsizerel\mf_getdate.obj
c:\dev\3rdparty\mysql\connector-c\6.1.6\mysys\mysys.dir\minsizerel\mf_iocache.obj
c:\dev\3rdparty\mysql\connector-c\6.1.6\mysys\mysys.dir\minsizerel\mf_iocache2.obj
c:\dev\3rdparty\mysql\connector-c\6.1.6\mysys\mysys.dir\minsizerel\mf_keycache.obj
c:\dev\3rdparty\mysql\connector-c\6.1.6\mysys\mysys.dir\minsizerel\mf_keycaches.obj
c:\dev\3rdparty\mysql\connector-c\6.1.6\mysys\mysys.dir\minsizerel\mf_loadpath.obj
c:\dev\3rdparty\mysql\connector-c\6.1.6\mysys\mysys.dir\minsizerel\mf_pack.obj
c:\dev\3rdparty\mysql\connector-c\6.1.6\mysys\mysys.dir\minsizerel\mf_path.obj
c:\dev\3rdparty\mysql\connector-c\6.1.6\mysys\mysys.dir\minsizerel\mf_qsort.obj
c:\dev\3rdparty\mysql\connector-c\6.1.6\mysys\mysys.dir\minsizerel\mf_qsort2.obj
c:\dev\3rdparty\mysql\connector-c\6.1.6\mysys\mysys.dir\minsizerel\mf_radix.obj
c:\dev\3rdparty\mysql\connector-c\6.1.6\mysys\mysys.dir\minsizerel\mf_same.obj
c:\dev\3rdparty\mysql\connector-c\6.1.6\mysys\mysys.dir\minsizerel\mf_soundex.obj
c:\dev\3rdparty\mysql\connector-c\6.1.6\mysys\mysys.dir\minsizerel\mf_tempfile.obj
c:\dev\3rdparty\mysql\connector-c\6.1.6\mysys\mysys.dir\minsizerel\mf_unixpath.obj
c:\dev\3rdparty\mysql\connector-c\6.1.6\mysys\mysys.dir\minsizerel\mf_wcomp.obj
c:\dev\3rdparty\mysql\connector-c\6.1.6\mysys\mysys.dir\minsizerel\mulalloc.obj
c:\dev\3rdparty\mysql\connector-c\6.1.6\mysys\mysys.dir\minsizerel\my_access.obj
c:\dev\3rdparty\mysql\connector-c\6.1.6\mysys\mysys.dir\minsizerel\my_alloc.obj
c:\dev\3rdparty\mysql\connector-c\6.1.6\mysys\mysys.dir\minsizerel\my_bit.obj
c:\dev\3rdparty\mysql\connector-c\6.1.6\mysys\mysys.dir\minsizerel\my_bitmap.obj
c:\dev\3rdparty\mysql\connector-c\6.1.6\mysys\mysys.dir\minsizerel\my_chmod.obj
c:\dev\3rdparty\mysql\connector-c\6.1.6\mysys\mysys.dir\minsizerel\my_chsize.obj
c:\dev\3rdparty\mysql\connector-c\6.1.6\mysys\mysys.dir\minsizerel\my_compare.obj
c:\dev\3rdparty\mysql\connector-c\6.1.6\mysys\mysys.dir\minsizerel\my_compress.obj
c:\dev\3rdparty\mysql\connector-c\6.1.6\mysys\mysys.dir\minsizerel\my_conio.obj
c:\dev\3rdparty\mysql\connector-c\6.1.6\mysys\mysys.dir\minsizerel\my_copy.obj
c:\dev\3rdparty\mysql\connector-c\6.1.6\mysys\mysys.dir\minsizerel\my_create.obj
c:\dev\3rdparty\mysql\connector-c\6.1.6\mysys\mysys.dir\minsizerel\my_delete.obj
c:\dev\3rdparty\mysql\connector-c\6.1.6\mysys\mysys.dir\minsizerel\my_div.obj
c:\dev\3rdparty\mysql\connector-c\6.1.6\mysys\mysys.dir\minsizerel\my_error.obj
c:\dev\3rdparty\mysql\connector-c\6.1.6\mysys\mysys.dir\minsizerel\my_file.obj
c:\dev\3rdparty\mysql\connector-c\6.1.6\mysys\mysys.dir\minsizerel\my_fopen.obj
c:\dev\3rdparty\mysql\connector-c\6.1.6\mysys\mysys.dir\minsizerel\my_fstream.obj
c:\dev\3rdparty\mysql\connector-c\6.1.6\mysys\mysys.dir\minsizerel\my_gethwaddr.obj
c:\dev\3rdparty\mysql\connector-c\6.1.6\mysys\mysys.dir\minsizerel\my_getsystime.obj
c:\dev\3rdparty\mysql\connector-c\6.1.6\mysys\mysys.dir\minsizerel\my_getwd.obj
c:\dev\3rdparty\mysql\connector-c\6.1.6\mysys\mysys.dir\minsizerel\my_init.obj
c:\dev\3rdparty\mysql\connector-c\6.1.6\mysys\mysys.dir\minsizerel\my_lib.obj
c:\dev\3rdparty\mysql\connector-c\6.1.6\mysys\mysys.dir\minsizerel\my_lock.obj
c:\dev\3rdparty\mysql\connector-c\6.1.6\mysys\mysys.dir\minsizerel\my_malloc.obj
c:\dev\3rdparty\mysql\connector-c\6.1.6\mysys\mysys.dir\minsizerel\my_memmem.obj
c:\dev\3rdparty\mysql\connector-c\6.1.6\mysys\mysys.dir\minsizerel\my_mess.obj
c:\dev\3rdparty\mysql\connector-c\6.1.6\mysys\mysys.dir\minsizerel\my_mkdir.obj
c:\dev\3rdparty\mysql\connector-c\6.1.6\mysys\mysys.dir\minsizerel\my_mmap.obj
c:\dev\3rdparty\mysql\connector-c\6.1.6\mysys\mysys.dir\minsizerel\my_once.obj
c:\dev\3rdparty\mysql\connector-c\6.1.6\mysys\mysys.dir\minsizerel\my_open.obj
c:\dev\3rdparty\mysql\connector-c\6.1.6\mysys\mysys.dir\minsizerel\my_pread.obj
c:\dev\3rdparty\mysql\connector-c\6.1.6\mysys\mysys.dir\minsizerel\my_rdtsc.obj
c:\dev\3rdparty\mysql\connector-c\6.1.6\mysys\mysys.dir\minsizerel\my_read.obj
c:\dev\3rdparty\mysql\connector-c\6.1.6\mysys\mysys.dir\minsizerel\my_redel.obj
c:\dev\3rdparty\mysql\connector-c\6.1.6\mysys\mysys.dir\minsizerel\my_rename.obj
c:\dev\3rdparty\mysql\connector-c\6.1.6\mysys\mysys.dir\minsizerel\my_seek.obj
c:\dev\3rdparty\mysql\connector-c\6.1.6\mysys\mysys.dir\minsizerel\my_static.obj
c:\dev\3rdparty\mysql\connector-c\6.1.6\mysys\mysys.dir\minsizerel\my_symlink.obj
c:\dev\3rdparty\mysql\connector-c\6.1.6\mysys\mysys.dir\minsizerel\my_symlink2.obj
c:\dev\3rdparty\mysql\connector-c\6.1.6\mysys\mysys.dir\minsizerel\my_sync.obj
c:\dev\3rdparty\mysql\connector-c\6.1.6\mysys\mysys.dir\minsizerel\my_syslog.obj
c:\dev\3rdparty\mysql\connector-c\6.1.6\mysys\mysys.dir\minsizerel\my_thr_init.obj
c:\dev\3rdparty\mysql\connector-c\6.1.6\mysys\mysys.dir\minsizerel\my_windac.obj
c:\dev\3rdparty\mysql\connector-c\6.1.6\mysys\mysys.dir\minsizerel\my_winerr.obj
c:\dev\3rdparty\mysql\connector-c\6.1.6\mysys\mysys.dir\minsizerel\my_winfile.obj
c:\dev\3rdparty\mysql\connector-c\6.1.6\mysys\mysys.dir\minsizerel\my_winthread.obj
c:\dev\3rdparty\mysql\connector-c\6.1.6\mysys\mysys.dir\minsizerel\my_write.obj
c:\dev\3rdparty\mysql\connector-c\6.1.6\mysys\mysys.dir\minsizerel\psi_noop.obj
c:\dev\3rdparty\mysql\connector-c\6.1.6\mysys\mysys.dir\minsizerel\ptr_cmp.obj
c:\dev\3rdparty\mysql\connector-c\6.1.6\mysys\mysys.dir\minsizerel\queues.obj
c:\dev\3rdparty\mysql\connector-c\6.1.6\mysys\mysys.dir\minsizerel\stacktrace.obj
c:\dev\3rdparty\mysql\connector-c\6.1.6\mysys\mysys.dir\minsizerel\string.obj
c:\dev\3rdparty\mysql\connector-c\6.1.6\mysys\mysys.dir\minsizerel\thr_cond.obj
c:\dev\3rdparty\mysql\connector-c\6.1.6\mysys\mysys.dir\minsizerel\thr_lock.obj
c:\dev\3rdparty\mysql\connector-c\6.1.6\mysys\mysys.dir\minsizerel\thr_mutex.obj
c:\dev\3rdparty\mysql\connector-c\6.1.6\mysys\mysys.dir\minsizerel\thr_rwlock.obj
c:\dev\3rdparty\mysql\connector-c\6.1.6\mysys\mysys.dir\minsizerel\tree.obj
c:\dev\3rdparty\mysql\connector-c\6.1.6\mysys\mysys.dir\minsizerel\typelib.obj
c:\dev\3rdparty\mysql\connector-c\6.1.6\mysys\mysys.dir\minsizerel\win_timers.obj
c:\dev\3rdparty\mysql\connector-c\6.1.6\mysys\mysys.dir\minsizerel\mysys.tlog\cl.command.1.tlog
c:\dev\3rdparty\mysql\connector-c\6.1.6\mysys\mysys.dir\minsizerel\mysys.tlog\cl.read.1.tlog
c:\dev\3rdparty\mysql\connector-c\6.1.6\mysys\mysys.dir\minsizerel\mysys.tlog\custombuild.command.1.tlog
c:\dev\3rdparty\mysql\connector-c\6.1.6\mysys\mysys.dir\minsizerel\mysys.tlog\custombuild.read.1.tlog
c:\dev\3rdparty\mysql\connector-c\6.1.6\mysys\mysys.dir\minsizerel\mysys.tlog\custombuild.write.1.tlog
c:\dev\3rdparty\mysql\connector-c\6.1.6\mysys\mysys.dir\minsizerel\mysys.tlog\lib-link.read.1.tlog
c:\dev\3rdparty\mysql\connector-c\6.1.6\mysys\mysys.dir\minsizerel\mysys.tlog\lib-link.write.1.tlog
c:\dev\3rdparty\mysql\connector-c\6.1.6\mysys\mysys.dir\minsizerel\mysys.tlog\lib.command.1.tlog
