Build started 7/15/2016 12:14:17 PM.
     1>Project "C:\dev\3rdParty\MySQL\Connector-c\6.1.6\mysys\mysys.vcxproj" on node 2 (Rebuild target(s)).
     1>CustomBuild:
         Building Custom Rule C:/dev/3rdParty/MySQL/Connector-c/6.1.6/mysys/CMakeLists.txt
         CMake does not need to re-run because C:\dev\3rdParty\MySQL\Connector-c\6.1.6\mysys\CMakeFiles\generate.stamp is up-to-date.
       ClCompile:
         C:\Program Files (x86)\Microsoft Visual Studio 12.0\VC\bin\CL.exe /c /I"C:\dev\3rdParty\MySQL\Connector-c\6.1.6\include" /I"C:\dev\3rdParty\MySQL\Connector-c\6.1.6\extra\rapidjson\include" /I"C:\dev\3rdParty\MySQL\Connector-c\6.1.6\zlib" /I"C:\dev\3rdParty\MySQL\Connector-c\6.1.6\mysys" /nologo /W3 /WX- /MP /O1 /Ob1 /Oy- /D WIN32 /D _WINDOWS /D NDEBUG /D DBUG_OFF /D _WIN32_WINNT=0x0601 /D WIN32_LEAN_AND_MEAN /D NOGDI /D NOMINMAX /D HAVE_CONFIG_H /D "CMAKE_INTDIR=\"MinSizeRel\"" /D _USING_V110_SDK71_ /D _MBCS /Gm- /MD /GS /fp:precise /Zc:wchar_t /Zc:forScope /Fo"mysys.dir\MinSizeRel\\" /Fd"mysys.dir\MinSizeRel\vc120.pdb" /Gd /TC /wd4800 /wd4805 /wd4996 /analyze- /errorReport:prompt "C:\dev\3rdParty\MySQL\Connector-c\6.1.6\mysys\array.c" "C:\dev\3rdParty\MySQL\Connector-c\6.1.6\mysys\charset-def.c" "C:\dev\3rdParty\MySQL\Connector-c\6.1.6\mysys\charset.c" "C:\dev\3rdParty\MySQL\Connector-c\6.1.6\mysys\checksum.c" "C:\dev\3rdParty\MySQL\Connector-c\6.1.6\mysys\errors.c" "C:\dev\3rdParty\MySQL\Connector-c\6.1.6\mysys\hash.c" "C:\dev\3rdParty\MySQL\Connector-c\6.1.6\mysys\list.c" "C:\dev\3rdParty\MySQL\Connector-c\6.1.6\mysys\mf_cache.c" "C:\dev\3rdParty\MySQL\Connector-c\6.1.6\mysys\mf_dirname.c" "C:\dev\3rdParty\MySQL\Connector-c\6.1.6\mysys\mf_fn_ext.c" "C:\dev\3rdParty\MySQL\Connector-c\6.1.6\mysys\mf_format.c" "C:\dev\3rdParty\MySQL\Connector-c\6.1.6\mysys\mf_getdate.c" "C:\dev\3rdParty\MySQL\Connector-c\6.1.6\mysys\mf_iocache.c" "C:\dev\3rdParty\MySQL\Connector-c\6.1.6\mysys\mf_iocache2.c" "C:\dev\3rdParty\MySQL\Connector-c\6.1.6\mysys\mf_keycache.c" "C:\dev\3rdParty\MySQL\Connector-c\6.1.6\mysys\mf_keycaches.c" "C:\dev\3rdParty\MySQL\Connector-c\6.1.6\mysys\mf_loadpath.c" "C:\dev\3rdParty\MySQL\Connector-c\6.1.6\mysys\mf_pack.c" "C:\dev\3rdParty\MySQL\Connector-c\6.1.6\mysys\mf_path.c" "C:\dev\3rdParty\MySQL\Connector-c\6.1.6\mysys\mf_qsort.c" "C:\dev\3rdParty\MySQL\Connector-c\6.1.6\mysys\mf_qsort2.c" "C:\dev\3rdParty\MySQL\Connector-c\6.1.6\mysys\mf_radix.c" "C:\dev\3rdParty\MySQL\Connector-c\6.1.6\mysys\mf_same.c" "C:\dev\3rdParty\MySQL\Connector-c\6.1.6\mysys\mf_soundex.c" "C:\dev\3rdParty\MySQL\Connector-c\6.1.6\mysys\mf_arr_appstr.c" "C:\dev\3rdParty\MySQL\Connector-c\6.1.6\mysys\mf_tempfile.c" "C:\dev\3rdParty\MySQL\Connector-c\6.1.6\mysys\mf_unixpath.c" "C:\dev\3rdParty\MySQL\Connector-c\6.1.6\mysys\mf_wcomp.c" "C:\dev\3rdParty\MySQL\Connector-c\6.1.6\mysys\mulalloc.c" "C:\dev\3rdParty\MySQL\Connector-c\6.1.6\mysys\my_access.c" "C:\dev\3rdParty\MySQL\Connector-c\6.1.6\mysys\my_alloc.c" "C:\dev\3rdParty\MySQL\Connector-c\6.1.6\mysys\my_bit.c" "C:\dev\3rdParty\MySQL\Connector-c\6.1.6\mysys\my_bitmap.c" "C:\dev\3rdParty\MySQL\Connector-c\6.1.6\mysys\my_chsize.c" "C:\dev\3rdParty\MySQL\Connector-c\6.1.6\mysys\my_compress.c" "C:\dev\3rdParty\MySQL\Connector-c\6.1.6\mysys\my_copy.c" "C:\dev\3rdParty\MySQL\Connector-c\6.1.6\mysys\my_create.c" "C:\dev\3rdParty\MySQL\Connector-c\6.1.6\mysys\my_delete.c" "C:\dev\3rdParty\MySQL\Connector-c\6.1.6\mysys\my_div.c" "C:\dev\3rdParty\MySQL\Connector-c\6.1.6\mysys\my_error.c" "C:\dev\3rdParty\MySQL\Connector-c\6.1.6\mysys\my_file.c" "C:\dev\3rdParty\MySQL\Connector-c\6.1.6\mysys\my_fopen.c" "C:\dev\3rdParty\MySQL\Connector-c\6.1.6\mysys\my_fstream.c" "C:\dev\3rdParty\MySQL\Connector-c\6.1.6\mysys\my_gethwaddr.c" "C:\dev\3rdParty\MySQL\Connector-c\6.1.6\mysys\my_getsystime.c" "C:\dev\3rdParty\MySQL\Connector-c\6.1.6\mysys\my_getwd.c" "C:\dev\3rdParty\MySQL\Connector-c\6.1.6\mysys\my_compare.c" "C:\dev\3rdParty\MySQL\Connector-c\6.1.6\mysys\my_init.c" "C:\dev\3rdParty\MySQL\Connector-c\6.1.6\mysys\my_lib.c" "C:\dev\3rdParty\MySQL\Connector-c\6.1.6\mysys\my_lock.c" "C:\dev\3rdParty\MySQL\Connector-c\6.1.6\mysys\my_malloc.c" "C:\dev\3rdParty\MySQL\Connector-c\6.1.6\mysys\my_mess.c" "C:\dev\3rdParty\MySQL\Connector-c\6.1.6\mysys\my_mkdir.c" "C:\dev\3rdParty\MySQL\Connector-c\6.1.6\mysys\my_mmap.c" "C:\dev\3rdParty\MySQL\Connector-c\6.1.6\mysys\my_once.c" "C:\dev\3rdParty\MySQL\Connector-c\6.1.6\mysys\my_open.c" "C:\dev\3rdParty\MySQL\Connector-c\6.1.6\mysys\my_pread.c" "C:\dev\3rdParty\MySQL\Connector-c\6.1.6\mysys\my_read.c" "C:\dev\3rdParty\MySQL\Connector-c\6.1.6\mysys\my_redel.c" "C:\dev\3rdParty\MySQL\Connector-c\6.1.6\mysys\my_rename.c" "C:\dev\3rdParty\MySQL\Connector-c\6.1.6\mysys\my_seek.c" "C:\dev\3rdParty\MySQL\Connector-c\6.1.6\mysys\my_static.c" "C:\dev\3rdParty\MySQL\Connector-c\6.1.6\mysys\my_symlink.c" "C:\dev\3rdParty\MySQL\Connector-c\6.1.6\mysys\my_symlink2.c" "C:\dev\3rdParty\MySQL\Connector-c\6.1.6\mysys\my_sync.c" "C:\dev\3rdParty\MySQL\Connector-c\6.1.6\mysys\my_thr_init.c" "C:\dev\3rdParty\MySQL\Connector-c\6.1.6\mysys\my_write.c" "C:\dev\3rdParty\MySQL\Connector-c\6.1.6\mysys\ptr_cmp.c" "C:\dev\3rdParty\MySQL\Connector-c\6.1.6\mysys\queues.c" "C:\dev\3rdParty\MySQL\Connector-c\6.1.6\mysys\stacktrace.c" "C:\dev\3rdParty\MySQL\Connector-c\6.1.6\mysys\string.c" "C:\dev\3rdParty\MySQL\Connector-c\6.1.6\mysys\thr_cond.c" "C:\dev\3rdParty\MySQL\Connector-c\6.1.6\mysys\thr_lock.c" "C:\dev\3rdParty\MySQL\Connector-c\6.1.6\mysys\thr_mutex.c" "C:\dev\3rdParty\MySQL\Connector-c\6.1.6\mysys\thr_rwlock.c" "C:\dev\3rdParty\MySQL\Connector-c\6.1.6\mysys\tree.c" "C:\dev\3rdParty\MySQL\Connector-c\6.1.6\mysys\typelib.c" "C:\dev\3rdParty\MySQL\Connector-c\6.1.6\mysys\base64.c" "C:\dev\3rdParty\MySQL\Connector-c\6.1.6\mysys\my_memmem.c" "C:\dev\3rdParty\MySQL\Connector-c\6.1.6\mysys\lf_alloc-pin.c" "C:\dev\3rdParty\MySQL\Connector-c\6.1.6\mysys\lf_dynarray.c" "C:\dev\3rdParty\MySQL\Connector-c\6.1.6\mysys\lf_hash.c" "C:\dev\3rdParty\MySQL\Connector-c\6.1.6\mysys\my_rdtsc.c" "C:\dev\3rdParty\MySQL\Connector-c\6.1.6\mysys\psi_noop.c" "C:\dev\3rdParty\MySQL\Connector-c\6.1.6\mysys\my_syslog.c" "C:\dev\3rdParty\MySQL\Connector-c\6.1.6\mysys\my_chmod.c" "C:\dev\3rdParty\MySQL\Connector-c\6.1.6\mysys\my_conio.c" "C:\dev\3rdParty\MySQL\Connector-c\6.1.6\mysys\my_windac.c" "C:\dev\3rdParty\MySQL\Connector-c\6.1.6\mysys\my_winerr.c" "C:\dev\3rdParty\MySQL\Connector-c\6.1.6\mysys\my_winfile.c" "C:\dev\3rdParty\MySQL\Connector-c\6.1.6\mysys\my_winthread.c" "C:\dev\3rdParty\MySQL\Connector-c\6.1.6\mysys\win_timers.c"
         array.c
         charset-def.c
         charset.c
         checksum.c
         errors.c
         hash.c
         list.c
         mf_cache.c
         mf_dirname.c
         mf_fn_ext.c
         mf_format.c
         mf_getdate.c
         mf_iocache.c
         mf_iocache2.c
         mf_keycache.c
         mf_keycaches.c
         mf_loadpath.c
         mf_pack.c
         mf_path.c
         mf_qsort.c
         mf_qsort2.c
         mf_radix.c
         mf_same.c
         mf_soundex.c
         mf_arr_appstr.c
         mf_tempfile.c
         mf_unixpath.c
         mf_wcomp.c
         mulalloc.c
         my_access.c
         my_alloc.c
         my_bit.c
         my_bitmap.c
         my_chsize.c
         my_compress.c
         my_copy.c
         my_create.c
         my_delete.c
         my_div.c
         my_error.c
         my_file.c
         my_fopen.c
         my_fstream.c
         my_gethwaddr.c
         my_getsystime.c
         my_getwd.c
         my_compare.c
         my_init.c
         my_lib.c
         my_lock.c
         my_malloc.c
         my_mess.c
         my_mkdir.c
         my_mmap.c
         my_once.c
         my_open.c
         my_pread.c
         my_read.c
         my_redel.c
         my_rename.c
         my_seek.c
         my_static.c
         my_symlink.c
         my_symlink2.c
         my_sync.c
         my_thr_init.c
         my_write.c
         ptr_cmp.c
         queues.c
         stacktrace.c
         string.c
         thr_cond.c
         thr_lock.c
         thr_mutex.c
         thr_rwlock.c
         tree.c
         typelib.c
         base64.c
         my_memmem.c
         lf_alloc-pin.c
         lf_dynarray.c
         lf_hash.c
         my_rdtsc.c
         psi_noop.c
         my_syslog.c
         my_chmod.c
         my_conio.c
     1>C:\dev\3rdParty\MySQL\Connector-c\6.1.6\mysys\psi_noop.c(986): warning C4113: 'PSI_stage_progress *(__cdecl *)()' differs in parameter lists from 'get_current_stage_progress_v1_t'
         my_windac.c
         my_winerr.c
         my_winfile.c
         my_winthread.c
         win_timers.c
       Lib:
         C:\Program Files (x86)\Microsoft Visual Studio 12.0\VC\bin\Lib.exe /OUT:"C:\dev\3rdParty\MySQL\Connector-c\6.1.6\mysys\MinSizeRel\mysys.lib" /NOLOGO  /machine:X86 mysys.dir\MinSizeRel\array.obj
         "mysys.dir\MinSizeRel\charset-def.obj"
         mysys.dir\MinSizeRel\charset.obj
         mysys.dir\MinSizeRel\checksum.obj
         mysys.dir\MinSizeRel\errors.obj
         mysys.dir\MinSizeRel\hash.obj
         mysys.dir\MinSizeRel\list.obj
         mysys.dir\MinSizeRel\mf_cache.obj
         mysys.dir\MinSizeRel\mf_dirname.obj
         mysys.dir\MinSizeRel\mf_fn_ext.obj
         mysys.dir\MinSizeRel\mf_format.obj
         mysys.dir\MinSizeRel\mf_getdate.obj
         mysys.dir\MinSizeRel\mf_iocache.obj
         mysys.dir\MinSizeRel\mf_iocache2.obj
         mysys.dir\MinSizeRel\mf_keycache.obj
         mysys.dir\MinSizeRel\mf_keycaches.obj
         mysys.dir\MinSizeRel\mf_loadpath.obj
         mysys.dir\MinSizeRel\mf_pack.obj
         mysys.dir\MinSizeRel\mf_path.obj
         mysys.dir\MinSizeRel\mf_qsort.obj
         mysys.dir\MinSizeRel\mf_qsort2.obj
         mysys.dir\MinSizeRel\mf_radix.obj
         mysys.dir\MinSizeRel\mf_same.obj
         mysys.dir\MinSizeRel\mf_soundex.obj
         mysys.dir\MinSizeRel\mf_arr_appstr.obj
         mysys.dir\MinSizeRel\mf_tempfile.obj
         mysys.dir\MinSizeRel\mf_unixpath.obj
         mysys.dir\MinSizeRel\mf_wcomp.obj
         mysys.dir\MinSizeRel\mulalloc.obj
         mysys.dir\MinSizeRel\my_access.obj
         mysys.dir\MinSizeRel\my_alloc.obj
         mysys.dir\MinSizeRel\my_bit.obj
         mysys.dir\MinSizeRel\my_bitmap.obj
         mysys.dir\MinSizeRel\my_chsize.obj
         mysys.dir\MinSizeRel\my_compress.obj
         mysys.dir\MinSizeRel\my_copy.obj
         mysys.dir\MinSizeRel\my_create.obj
         mysys.dir\MinSizeRel\my_delete.obj
         mysys.dir\MinSizeRel\my_div.obj
         mysys.dir\MinSizeRel\my_error.obj
         mysys.dir\MinSizeRel\my_file.obj
         mysys.dir\MinSizeRel\my_fopen.obj
         mysys.dir\MinSizeRel\my_fstream.obj
         mysys.dir\MinSizeRel\my_gethwaddr.obj
         mysys.dir\MinSizeRel\my_getsystime.obj
         mysys.dir\MinSizeRel\my_getwd.obj
         mysys.dir\MinSizeRel\my_compare.obj
         mysys.dir\MinSizeRel\my_init.obj
         mysys.dir\MinSizeRel\my_lib.obj
         mysys.dir\MinSizeRel\my_lock.obj
         mysys.dir\MinSizeRel\my_malloc.obj
         mysys.dir\MinSizeRel\my_mess.obj
         mysys.dir\MinSizeRel\my_mkdir.obj
         mysys.dir\MinSizeRel\my_mmap.obj
         mysys.dir\MinSizeRel\my_once.obj
         mysys.dir\MinSizeRel\my_open.obj
         mysys.dir\MinSizeRel\my_pread.obj
         mysys.dir\MinSizeRel\my_read.obj
         mysys.dir\MinSizeRel\my_redel.obj
         mysys.dir\MinSizeRel\my_rename.obj
         mysys.dir\MinSizeRel\my_seek.obj
         mysys.dir\MinSizeRel\my_static.obj
         mysys.dir\MinSizeRel\my_symlink.obj
         mysys.dir\MinSizeRel\my_symlink2.obj
         mysys.dir\MinSizeRel\my_sync.obj
         mysys.dir\MinSizeRel\my_thr_init.obj
         mysys.dir\MinSizeRel\my_write.obj
         mysys.dir\MinSizeRel\ptr_cmp.obj
         mysys.dir\MinSizeRel\queues.obj
         mysys.dir\MinSizeRel\stacktrace.obj
         mysys.dir\MinSizeRel\string.obj
         mysys.dir\MinSizeRel\thr_cond.obj
         mysys.dir\MinSizeRel\thr_lock.obj
         mysys.dir\MinSizeRel\thr_mutex.obj
         mysys.dir\MinSizeRel\thr_rwlock.obj
         mysys.dir\MinSizeRel\tree.obj
         mysys.dir\MinSizeRel\typelib.obj
         mysys.dir\MinSizeRel\base64.obj
         mysys.dir\MinSizeRel\my_memmem.obj
         "mysys.dir\MinSizeRel\lf_alloc-pin.obj"
         mysys.dir\MinSizeRel\lf_dynarray.obj
         mysys.dir\MinSizeRel\lf_hash.obj
         mysys.dir\MinSizeRel\my_rdtsc.obj
         mysys.dir\MinSizeRel\psi_noop.obj
         mysys.dir\MinSizeRel\my_syslog.obj
         mysys.dir\MinSizeRel\my_chmod.obj
         mysys.dir\MinSizeRel\my_conio.obj
         mysys.dir\MinSizeRel\my_windac.obj
         mysys.dir\MinSizeRel\my_winerr.obj
         mysys.dir\MinSizeRel\my_winfile.obj
         mysys.dir\MinSizeRel\my_winthread.obj
         mysys.dir\MinSizeRel\win_timers.obj
         mysys.vcxproj -> C:\dev\3rdParty\MySQL\Connector-c\6.1.6\mysys\MinSizeRel\mysys.lib
     1>Done Building Project "C:\dev\3rdParty\MySQL\Connector-c\6.1.6\mysys\mysys.vcxproj" (Rebuild target(s)).

Build succeeded.

Time Elapsed 00:00:05.30
