c:\dev\3rdparty\mysql\connector-c\6.1.6\strings\cmakefiles\generate.stamp
c:\dev\3rdparty\mysql\connector-c\6.1.6\strings\relwithdebinfo\strings.lib
c:\dev\3rdparty\mysql\connector-c\6.1.6\strings\strings.dir\relwithdebinfo\bchange.obj
c:\dev\3rdparty\mysql\connector-c\6.1.6\strings\strings.dir\relwithdebinfo\ctype-big5.obj
c:\dev\3rdparty\mysql\connector-c\6.1.6\strings\strings.dir\relwithdebinfo\ctype-bin.obj
c:\dev\3rdparty\mysql\connector-c\6.1.6\strings\strings.dir\relwithdebinfo\ctype-cp932.obj
c:\dev\3rdparty\mysql\connector-c\6.1.6\strings\strings.dir\relwithdebinfo\ctype-czech.obj
c:\dev\3rdparty\mysql\connector-c\6.1.6\strings\strings.dir\relwithdebinfo\ctype-eucjpms.obj
c:\dev\3rdparty\mysql\connector-c\6.1.6\strings\strings.dir\relwithdebinfo\ctype-euc_kr.obj
c:\dev\3rdparty\mysql\connector-c\6.1.6\strings\strings.dir\relwithdebinfo\ctype-extra.obj
c:\dev\3rdparty\mysql\connector-c\6.1.6\strings\strings.dir\relwithdebinfo\ctype-gb18030.obj
c:\dev\3rdparty\mysql\connector-c\6.1.6\strings\strings.dir\relwithdebinfo\ctype-gb2312.obj
c:\dev\3rdparty\mysql\connector-c\6.1.6\strings\strings.dir\relwithdebinfo\ctype-gbk.obj
c:\dev\3rdparty\mysql\connector-c\6.1.6\strings\strings.dir\relwithdebinfo\ctype-latin1.obj
c:\dev\3rdparty\mysql\connector-c\6.1.6\strings\strings.dir\relwithdebinfo\ctype-mb.obj
c:\dev\3rdparty\mysql\connector-c\6.1.6\strings\strings.dir\relwithdebinfo\ctype-simple.obj
c:\dev\3rdparty\mysql\connector-c\6.1.6\strings\strings.dir\relwithdebinfo\ctype-sjis.obj
c:\dev\3rdparty\mysql\connector-c\6.1.6\strings\strings.dir\relwithdebinfo\ctype-tis620.obj
c:\dev\3rdparty\mysql\connector-c\6.1.6\strings\strings.dir\relwithdebinfo\ctype-uca.obj
c:\dev\3rdparty\mysql\connector-c\6.1.6\strings\strings.dir\relwithdebinfo\ctype-ucs2.obj
c:\dev\3rdparty\mysql\connector-c\6.1.6\strings\strings.dir\relwithdebinfo\ctype-ujis.obj
c:\dev\3rdparty\mysql\connector-c\6.1.6\strings\strings.dir\relwithdebinfo\ctype-utf8.obj
c:\dev\3rdparty\mysql\connector-c\6.1.6\strings\strings.dir\relwithdebinfo\ctype-win1250ch.obj
c:\dev\3rdparty\mysql\connector-c\6.1.6\strings\strings.dir\relwithdebinfo\ctype.obj
c:\dev\3rdparty\mysql\connector-c\6.1.6\strings\strings.dir\relwithdebinfo\decimal.obj
c:\dev\3rdparty\mysql\connector-c\6.1.6\strings\strings.dir\relwithdebinfo\dtoa.obj
c:\dev\3rdparty\mysql\connector-c\6.1.6\strings\strings.dir\relwithdebinfo\int2str.obj
c:\dev\3rdparty\mysql\connector-c\6.1.6\strings\strings.dir\relwithdebinfo\is_prefix.obj
c:\dev\3rdparty\mysql\connector-c\6.1.6\strings\strings.dir\relwithdebinfo\llstr.obj
c:\dev\3rdparty\mysql\connector-c\6.1.6\strings\strings.dir\relwithdebinfo\longlong2str.obj
c:\dev\3rdparty\mysql\connector-c\6.1.6\strings\strings.dir\relwithdebinfo\my_stpmov.obj
c:\dev\3rdparty\mysql\connector-c\6.1.6\strings\strings.dir\relwithdebinfo\my_stpnmov.obj
c:\dev\3rdparty\mysql\connector-c\6.1.6\strings\strings.dir\relwithdebinfo\my_strchr.obj
c:\dev\3rdparty\mysql\connector-c\6.1.6\strings\strings.dir\relwithdebinfo\my_strtoll10.obj
c:\dev\3rdparty\mysql\connector-c\6.1.6\strings\strings.dir\relwithdebinfo\my_vsnprintf.obj
c:\dev\3rdparty\mysql\connector-c\6.1.6\strings\strings.dir\relwithdebinfo\str2int.obj
c:\dev\3rdparty\mysql\connector-c\6.1.6\strings\strings.dir\relwithdebinfo\strappend.obj
c:\dev\3rdparty\mysql\connector-c\6.1.6\strings\strings.dir\relwithdebinfo\strcend.obj
c:\dev\3rdparty\mysql\connector-c\6.1.6\strings\strings.dir\relwithdebinfo\strcont.obj
c:\dev\3rdparty\mysql\connector-c\6.1.6\strings\strings.dir\relwithdebinfo\strend.obj
c:\dev\3rdparty\mysql\connector-c\6.1.6\strings\strings.dir\relwithdebinfo\strfill.obj
c:\dev\3rdparty\mysql\connector-c\6.1.6\strings\strings.dir\relwithdebinfo\strmake.obj
c:\dev\3rdparty\mysql\connector-c\6.1.6\strings\strings.dir\relwithdebinfo\strxmov.obj
c:\dev\3rdparty\mysql\connector-c\6.1.6\strings\strings.dir\relwithdebinfo\strxnmov.obj
c:\dev\3rdparty\mysql\connector-c\6.1.6\strings\strings.dir\relwithdebinfo\str_alloc.obj
c:\dev\3rdparty\mysql\connector-c\6.1.6\strings\strings.dir\relwithdebinfo\xml.obj
c:\dev\3rdparty\mysql\connector-c\6.1.6\strings\strings.dir\relwithdebinfo\strings.tlog\cl.command.1.tlog
c:\dev\3rdparty\mysql\connector-c\6.1.6\strings\strings.dir\relwithdebinfo\strings.tlog\cl.read.1.tlog
c:\dev\3rdparty\mysql\connector-c\6.1.6\strings\strings.dir\relwithdebinfo\strings.tlog\custombuild.command.1.tlog
c:\dev\3rdparty\mysql\connector-c\6.1.6\strings\strings.dir\relwithdebinfo\strings.tlog\custombuild.read.1.tlog
c:\dev\3rdparty\mysql\connector-c\6.1.6\strings\strings.dir\relwithdebinfo\strings.tlog\custombuild.write.1.tlog
c:\dev\3rdparty\mysql\connector-c\6.1.6\strings\strings.dir\relwithdebinfo\strings.tlog\lib-link.read.1.tlog
c:\dev\3rdparty\mysql\connector-c\6.1.6\strings\strings.dir\relwithdebinfo\strings.tlog\lib-link.write.1.tlog
c:\dev\3rdparty\mysql\connector-c\6.1.6\strings\strings.dir\relwithdebinfo\strings.tlog\lib.command.1.tlog
