c:\dev\3rdparty\mysql\connector-c\6.1.6\extra\yassl\yassl.dir\relwithdebinfo\get_password.obj
c:\dev\3rdparty\mysql\connector-c\6.1.6\extra\yassl\cmakefiles\generate.stamp
c:\dev\3rdparty\mysql\connector-c\6.1.6\extra\yassl\relwithdebinfo\yassl.lib
c:\dev\3rdparty\mysql\connector-c\6.1.6\extra\yassl\yassl.dir\relwithdebinfo\buffer.obj
c:\dev\3rdparty\mysql\connector-c\6.1.6\extra\yassl\yassl.dir\relwithdebinfo\cert_wrapper.obj
c:\dev\3rdparty\mysql\connector-c\6.1.6\extra\yassl\yassl.dir\relwithdebinfo\crypto_wrapper.obj
c:\dev\3rdparty\mysql\connector-c\6.1.6\extra\yassl\yassl.dir\relwithdebinfo\handshake.obj
c:\dev\3rdparty\mysql\connector-c\6.1.6\extra\yassl\yassl.dir\relwithdebinfo\lock.obj
c:\dev\3rdparty\mysql\connector-c\6.1.6\extra\yassl\yassl.dir\relwithdebinfo\log.obj
c:\dev\3rdparty\mysql\connector-c\6.1.6\extra\yassl\yassl.dir\relwithdebinfo\socket_wrapper.obj
c:\dev\3rdparty\mysql\connector-c\6.1.6\extra\yassl\yassl.dir\relwithdebinfo\ssl.obj
c:\dev\3rdparty\mysql\connector-c\6.1.6\extra\yassl\yassl.dir\relwithdebinfo\timer.obj
c:\dev\3rdparty\mysql\connector-c\6.1.6\extra\yassl\yassl.dir\relwithdebinfo\yassl_error.obj
c:\dev\3rdparty\mysql\connector-c\6.1.6\extra\yassl\yassl.dir\relwithdebinfo\yassl_imp.obj
c:\dev\3rdparty\mysql\connector-c\6.1.6\extra\yassl\yassl.dir\relwithdebinfo\yassl_int.obj
c:\dev\3rdparty\mysql\connector-c\6.1.6\extra\yassl\yassl.dir\relwithdebinfo\yassl.tlog\cl.command.1.tlog
c:\dev\3rdparty\mysql\connector-c\6.1.6\extra\yassl\yassl.dir\relwithdebinfo\yassl.tlog\cl.read.1.tlog
c:\dev\3rdparty\mysql\connector-c\6.1.6\extra\yassl\yassl.dir\relwithdebinfo\yassl.tlog\cl.write.1.tlog
c:\dev\3rdparty\mysql\connector-c\6.1.6\extra\yassl\yassl.dir\relwithdebinfo\yassl.tlog\custombuild.command.1.tlog
c:\dev\3rdparty\mysql\connector-c\6.1.6\extra\yassl\yassl.dir\relwithdebinfo\yassl.tlog\custombuild.read.1.tlog
c:\dev\3rdparty\mysql\connector-c\6.1.6\extra\yassl\yassl.dir\relwithdebinfo\yassl.tlog\custombuild.write.1.tlog
c:\dev\3rdparty\mysql\connector-c\6.1.6\extra\yassl\yassl.dir\relwithdebinfo\yassl.tlog\lib-link.read.1.tlog
c:\dev\3rdparty\mysql\connector-c\6.1.6\extra\yassl\yassl.dir\relwithdebinfo\yassl.tlog\lib-link.write.1.tlog
c:\dev\3rdparty\mysql\connector-c\6.1.6\extra\yassl\yassl.dir\relwithdebinfo\yassl.tlog\lib.command.1.tlog
