c:\dev\3rdparty\mysql\connector-c\6.1.6\libmysql\clientlib.dir\debug\client_authentication.obj
c:\dev\3rdparty\mysql\connector-c\6.1.6\libmysql\clientlib.dir\debug\net_serv.obj
c:\dev\3rdparty\mysql\connector-c\6.1.6\libmysql\cmakefiles\generate.stamp
c:\dev\3rdparty\mysql\connector-c\6.1.6\libmysql\debug\clientlib.lib
c:\dev\3rdparty\mysql\connector-c\6.1.6\libmysql\clientlib.dir\debug\client.obj
c:\dev\3rdparty\mysql\connector-c\6.1.6\libmysql\clientlib.dir\debug\client_plugin.obj
c:\dev\3rdparty\mysql\connector-c\6.1.6\libmysql\clientlib.dir\debug\errmsg.obj
c:\dev\3rdparty\mysql\connector-c\6.1.6\libmysql\clientlib.dir\debug\get_password.obj
c:\dev\3rdparty\mysql\connector-c\6.1.6\libmysql\clientlib.dir\debug\libmysql.obj
c:\dev\3rdparty\mysql\connector-c\6.1.6\libmysql\clientlib.dir\debug\mysql_trace.obj
c:\dev\3rdparty\mysql\connector-c\6.1.6\libmysql\clientlib.dir\debug\my_time.obj
c:\dev\3rdparty\mysql\connector-c\6.1.6\libmysql\clientlib.dir\debug\pack.obj
c:\dev\3rdparty\mysql\connector-c\6.1.6\libmysql\clientlib.dir\debug\password.obj
c:\dev\3rdparty\mysql\connector-c\6.1.6\libmysql\clientlib.dir\debug\clientlib.tlog\cl.command.1.tlog
c:\dev\3rdparty\mysql\connector-c\6.1.6\libmysql\clientlib.dir\debug\clientlib.tlog\cl.read.1.tlog
c:\dev\3rdparty\mysql\connector-c\6.1.6\libmysql\clientlib.dir\debug\clientlib.tlog\cl.write.1.tlog
c:\dev\3rdparty\mysql\connector-c\6.1.6\libmysql\clientlib.dir\debug\clientlib.tlog\custombuild.command.1.tlog
c:\dev\3rdparty\mysql\connector-c\6.1.6\libmysql\clientlib.dir\debug\clientlib.tlog\custombuild.read.1.tlog
c:\dev\3rdparty\mysql\connector-c\6.1.6\libmysql\clientlib.dir\debug\clientlib.tlog\custombuild.write.1.tlog
c:\dev\3rdparty\mysql\connector-c\6.1.6\libmysql\clientlib.dir\debug\clientlib.tlog\lib-link.read.1.tlog
c:\dev\3rdparty\mysql\connector-c\6.1.6\libmysql\clientlib.dir\debug\clientlib.tlog\lib-link.write.1.tlog
c:\dev\3rdparty\mysql\connector-c\6.1.6\libmysql\clientlib.dir\debug\clientlib.tlog\lib.command.1.tlog
