c:\dev\3rdparty\mysql\connector-c\6.1.6\zlib\cmakefiles\generate.stamp
c:\dev\3rdparty\mysql\connector-c\6.1.6\zlib\relwithdebinfo\zlib.lib
c:\dev\3rdparty\mysql\connector-c\6.1.6\zlib\zlib.dir\relwithdebinfo\adler32.obj
c:\dev\3rdparty\mysql\connector-c\6.1.6\zlib\zlib.dir\relwithdebinfo\compress.obj
c:\dev\3rdparty\mysql\connector-c\6.1.6\zlib\zlib.dir\relwithdebinfo\crc32.obj
c:\dev\3rdparty\mysql\connector-c\6.1.6\zlib\zlib.dir\relwithdebinfo\deflate.obj
c:\dev\3rdparty\mysql\connector-c\6.1.6\zlib\zlib.dir\relwithdebinfo\gzio.obj
c:\dev\3rdparty\mysql\connector-c\6.1.6\zlib\zlib.dir\relwithdebinfo\infback.obj
c:\dev\3rdparty\mysql\connector-c\6.1.6\zlib\zlib.dir\relwithdebinfo\inffast.obj
c:\dev\3rdparty\mysql\connector-c\6.1.6\zlib\zlib.dir\relwithdebinfo\inflate.obj
c:\dev\3rdparty\mysql\connector-c\6.1.6\zlib\zlib.dir\relwithdebinfo\inftrees.obj
c:\dev\3rdparty\mysql\connector-c\6.1.6\zlib\zlib.dir\relwithdebinfo\trees.obj
c:\dev\3rdparty\mysql\connector-c\6.1.6\zlib\zlib.dir\relwithdebinfo\uncompr.obj
c:\dev\3rdparty\mysql\connector-c\6.1.6\zlib\zlib.dir\relwithdebinfo\zutil.obj
c:\dev\3rdparty\mysql\connector-c\6.1.6\zlib\zlib.dir\relwithdebinfo\zlib.tlog\cl.command.1.tlog
c:\dev\3rdparty\mysql\connector-c\6.1.6\zlib\zlib.dir\relwithdebinfo\zlib.tlog\cl.read.1.tlog
c:\dev\3rdparty\mysql\connector-c\6.1.6\zlib\zlib.dir\relwithdebinfo\zlib.tlog\custombuild.command.1.tlog
c:\dev\3rdparty\mysql\connector-c\6.1.6\zlib\zlib.dir\relwithdebinfo\zlib.tlog\custombuild.read.1.tlog
c:\dev\3rdparty\mysql\connector-c\6.1.6\zlib\zlib.dir\relwithdebinfo\zlib.tlog\custombuild.write.1.tlog
c:\dev\3rdparty\mysql\connector-c\6.1.6\zlib\zlib.dir\relwithdebinfo\zlib.tlog\lib-link.read.1.tlog
c:\dev\3rdparty\mysql\connector-c\6.1.6\zlib\zlib.dir\relwithdebinfo\zlib.tlog\lib-link.write.1.tlog
c:\dev\3rdparty\mysql\connector-c\6.1.6\zlib\zlib.dir\relwithdebinfo\zlib.tlog\lib.command.1.tlog
