c:\dev\3rdparty\mysql\connector-c\6.1.6\zlib\cmakefiles\generate.stamp
c:\dev\3rdparty\mysql\connector-c\6.1.6\zlib\debug\zlib.lib
c:\dev\3rdparty\mysql\connector-c\6.1.6\zlib\zlib.dir\debug\adler32.obj
c:\dev\3rdparty\mysql\connector-c\6.1.6\zlib\zlib.dir\debug\compress.obj
c:\dev\3rdparty\mysql\connector-c\6.1.6\zlib\zlib.dir\debug\crc32.obj
c:\dev\3rdparty\mysql\connector-c\6.1.6\zlib\zlib.dir\debug\deflate.obj
c:\dev\3rdparty\mysql\connector-c\6.1.6\zlib\zlib.dir\debug\gzio.obj
c:\dev\3rdparty\mysql\connector-c\6.1.6\zlib\zlib.dir\debug\infback.obj
c:\dev\3rdparty\mysql\connector-c\6.1.6\zlib\zlib.dir\debug\inffast.obj
c:\dev\3rdparty\mysql\connector-c\6.1.6\zlib\zlib.dir\debug\inflate.obj
c:\dev\3rdparty\mysql\connector-c\6.1.6\zlib\zlib.dir\debug\inftrees.obj
c:\dev\3rdparty\mysql\connector-c\6.1.6\zlib\zlib.dir\debug\trees.obj
c:\dev\3rdparty\mysql\connector-c\6.1.6\zlib\zlib.dir\debug\uncompr.obj
c:\dev\3rdparty\mysql\connector-c\6.1.6\zlib\zlib.dir\debug\zutil.obj
c:\dev\3rdparty\mysql\connector-c\6.1.6\zlib\zlib.dir\debug\zlib.tlog\cl.command.1.tlog
c:\dev\3rdparty\mysql\connector-c\6.1.6\zlib\zlib.dir\debug\zlib.tlog\cl.read.1.tlog
c:\dev\3rdparty\mysql\connector-c\6.1.6\zlib\zlib.dir\debug\zlib.tlog\custombuild.command.1.tlog
c:\dev\3rdparty\mysql\connector-c\6.1.6\zlib\zlib.dir\debug\zlib.tlog\custombuild.read.1.tlog
c:\dev\3rdparty\mysql\connector-c\6.1.6\zlib\zlib.dir\debug\zlib.tlog\custombuild.write.1.tlog
c:\dev\3rdparty\mysql\connector-c\6.1.6\zlib\zlib.dir\debug\zlib.tlog\lib-link.read.1.tlog
c:\dev\3rdparty\mysql\connector-c\6.1.6\zlib\zlib.dir\debug\zlib.tlog\lib-link.write.1.tlog
c:\dev\3rdparty\mysql\connector-c\6.1.6\zlib\zlib.dir\debug\zlib.tlog\lib.command.1.tlog
