c:\dev\3rdparty\mysql\connector-c\6.1.6\strings\cmakefiles\generate.stamp
c:\dev\3rdparty\mysql\connector-c\6.1.6\strings\release\strings.lib
c:\dev\3rdparty\mysql\connector-c\6.1.6\strings\strings.dir\release\bchange.obj
c:\dev\3rdparty\mysql\connector-c\6.1.6\strings\strings.dir\release\ctype-big5.obj
c:\dev\3rdparty\mysql\connector-c\6.1.6\strings\strings.dir\release\ctype-bin.obj
c:\dev\3rdparty\mysql\connector-c\6.1.6\strings\strings.dir\release\ctype-cp932.obj
c:\dev\3rdparty\mysql\connector-c\6.1.6\strings\strings.dir\release\ctype-czech.obj
c:\dev\3rdparty\mysql\connector-c\6.1.6\strings\strings.dir\release\ctype-eucjpms.obj
c:\dev\3rdparty\mysql\connector-c\6.1.6\strings\strings.dir\release\ctype-euc_kr.obj
c:\dev\3rdparty\mysql\connector-c\6.1.6\strings\strings.dir\release\ctype-extra.obj
c:\dev\3rdparty\mysql\connector-c\6.1.6\strings\strings.dir\release\ctype-gb18030.obj
c:\dev\3rdparty\mysql\connector-c\6.1.6\strings\strings.dir\release\ctype-gb2312.obj
c:\dev\3rdparty\mysql\connector-c\6.1.6\strings\strings.dir\release\ctype-gbk.obj
c:\dev\3rdparty\mysql\connector-c\6.1.6\strings\strings.dir\release\ctype-latin1.obj
c:\dev\3rdparty\mysql\connector-c\6.1.6\strings\strings.dir\release\ctype-mb.obj
c:\dev\3rdparty\mysql\connector-c\6.1.6\strings\strings.dir\release\ctype-simple.obj
c:\dev\3rdparty\mysql\connector-c\6.1.6\strings\strings.dir\release\ctype-sjis.obj
c:\dev\3rdparty\mysql\connector-c\6.1.6\strings\strings.dir\release\ctype-tis620.obj
c:\dev\3rdparty\mysql\connector-c\6.1.6\strings\strings.dir\release\ctype-uca.obj
c:\dev\3rdparty\mysql\connector-c\6.1.6\strings\strings.dir\release\ctype-ucs2.obj
c:\dev\3rdparty\mysql\connector-c\6.1.6\strings\strings.dir\release\ctype-ujis.obj
c:\dev\3rdparty\mysql\connector-c\6.1.6\strings\strings.dir\release\ctype-utf8.obj
c:\dev\3rdparty\mysql\connector-c\6.1.6\strings\strings.dir\release\ctype-win1250ch.obj
c:\dev\3rdparty\mysql\connector-c\6.1.6\strings\strings.dir\release\ctype.obj
c:\dev\3rdparty\mysql\connector-c\6.1.6\strings\strings.dir\release\decimal.obj
c:\dev\3rdparty\mysql\connector-c\6.1.6\strings\strings.dir\release\dtoa.obj
c:\dev\3rdparty\mysql\connector-c\6.1.6\strings\strings.dir\release\int2str.obj
c:\dev\3rdparty\mysql\connector-c\6.1.6\strings\strings.dir\release\is_prefix.obj
c:\dev\3rdparty\mysql\connector-c\6.1.6\strings\strings.dir\release\llstr.obj
c:\dev\3rdparty\mysql\connector-c\6.1.6\strings\strings.dir\release\longlong2str.obj
c:\dev\3rdparty\mysql\connector-c\6.1.6\strings\strings.dir\release\my_stpmov.obj
c:\dev\3rdparty\mysql\connector-c\6.1.6\strings\strings.dir\release\my_stpnmov.obj
c:\dev\3rdparty\mysql\connector-c\6.1.6\strings\strings.dir\release\my_strchr.obj
c:\dev\3rdparty\mysql\connector-c\6.1.6\strings\strings.dir\release\my_strtoll10.obj
c:\dev\3rdparty\mysql\connector-c\6.1.6\strings\strings.dir\release\my_vsnprintf.obj
c:\dev\3rdparty\mysql\connector-c\6.1.6\strings\strings.dir\release\str2int.obj
c:\dev\3rdparty\mysql\connector-c\6.1.6\strings\strings.dir\release\strappend.obj
c:\dev\3rdparty\mysql\connector-c\6.1.6\strings\strings.dir\release\strcend.obj
c:\dev\3rdparty\mysql\connector-c\6.1.6\strings\strings.dir\release\strcont.obj
c:\dev\3rdparty\mysql\connector-c\6.1.6\strings\strings.dir\release\strend.obj
c:\dev\3rdparty\mysql\connector-c\6.1.6\strings\strings.dir\release\strfill.obj
c:\dev\3rdparty\mysql\connector-c\6.1.6\strings\strings.dir\release\strmake.obj
c:\dev\3rdparty\mysql\connector-c\6.1.6\strings\strings.dir\release\strxmov.obj
c:\dev\3rdparty\mysql\connector-c\6.1.6\strings\strings.dir\release\strxnmov.obj
c:\dev\3rdparty\mysql\connector-c\6.1.6\strings\strings.dir\release\str_alloc.obj
c:\dev\3rdparty\mysql\connector-c\6.1.6\strings\strings.dir\release\xml.obj
c:\dev\3rdparty\mysql\connector-c\6.1.6\strings\strings.dir\release\strings.tlog\cl.command.1.tlog
c:\dev\3rdparty\mysql\connector-c\6.1.6\strings\strings.dir\release\strings.tlog\cl.read.1.tlog
c:\dev\3rdparty\mysql\connector-c\6.1.6\strings\strings.dir\release\strings.tlog\custombuild.command.1.tlog
c:\dev\3rdparty\mysql\connector-c\6.1.6\strings\strings.dir\release\strings.tlog\custombuild.read.1.tlog
c:\dev\3rdparty\mysql\connector-c\6.1.6\strings\strings.dir\release\strings.tlog\custombuild.write.1.tlog
c:\dev\3rdparty\mysql\connector-c\6.1.6\strings\strings.dir\release\strings.tlog\lib-link.read.1.tlog
c:\dev\3rdparty\mysql\connector-c\6.1.6\strings\strings.dir\release\strings.tlog\lib-link.write.1.tlog
c:\dev\3rdparty\mysql\connector-c\6.1.6\strings\strings.dir\release\strings.tlog\lib.command.1.tlog
