c:\dev\3rdparty\mysql\connector-c\6.1.6\extra\yassl\taocrypt\cmakefiles\generate.stamp
c:\dev\3rdparty\mysql\connector-c\6.1.6\extra\yassl\taocrypt\release\taocrypt.lib
c:\dev\3rdparty\mysql\connector-c\6.1.6\extra\yassl\taocrypt\taocrypt.dir\release\aes.obj
c:\dev\3rdparty\mysql\connector-c\6.1.6\extra\yassl\taocrypt\taocrypt.dir\release\aestables.obj
c:\dev\3rdparty\mysql\connector-c\6.1.6\extra\yassl\taocrypt\taocrypt.dir\release\algebra.obj
c:\dev\3rdparty\mysql\connector-c\6.1.6\extra\yassl\taocrypt\taocrypt.dir\release\arc4.obj
c:\dev\3rdparty\mysql\connector-c\6.1.6\extra\yassl\taocrypt\taocrypt.dir\release\asn.obj
c:\dev\3rdparty\mysql\connector-c\6.1.6\extra\yassl\taocrypt\taocrypt.dir\release\coding.obj
c:\dev\3rdparty\mysql\connector-c\6.1.6\extra\yassl\taocrypt\taocrypt.dir\release\des.obj
c:\dev\3rdparty\mysql\connector-c\6.1.6\extra\yassl\taocrypt\taocrypt.dir\release\dh.obj
c:\dev\3rdparty\mysql\connector-c\6.1.6\extra\yassl\taocrypt\taocrypt.dir\release\dsa.obj
c:\dev\3rdparty\mysql\connector-c\6.1.6\extra\yassl\taocrypt\taocrypt.dir\release\file.obj
c:\dev\3rdparty\mysql\connector-c\6.1.6\extra\yassl\taocrypt\taocrypt.dir\release\hash.obj
c:\dev\3rdparty\mysql\connector-c\6.1.6\extra\yassl\taocrypt\taocrypt.dir\release\hc128.obj
c:\dev\3rdparty\mysql\connector-c\6.1.6\extra\yassl\taocrypt\taocrypt.dir\release\integer.obj
c:\dev\3rdparty\mysql\connector-c\6.1.6\extra\yassl\taocrypt\taocrypt.dir\release\md2.obj
c:\dev\3rdparty\mysql\connector-c\6.1.6\extra\yassl\taocrypt\taocrypt.dir\release\md4.obj
c:\dev\3rdparty\mysql\connector-c\6.1.6\extra\yassl\taocrypt\taocrypt.dir\release\md5.obj
c:\dev\3rdparty\mysql\connector-c\6.1.6\extra\yassl\taocrypt\taocrypt.dir\release\misc.obj
c:\dev\3rdparty\mysql\connector-c\6.1.6\extra\yassl\taocrypt\taocrypt.dir\release\rabbit.obj
c:\dev\3rdparty\mysql\connector-c\6.1.6\extra\yassl\taocrypt\taocrypt.dir\release\random.obj
c:\dev\3rdparty\mysql\connector-c\6.1.6\extra\yassl\taocrypt\taocrypt.dir\release\ripemd.obj
c:\dev\3rdparty\mysql\connector-c\6.1.6\extra\yassl\taocrypt\taocrypt.dir\release\rsa.obj
c:\dev\3rdparty\mysql\connector-c\6.1.6\extra\yassl\taocrypt\taocrypt.dir\release\sha.obj
c:\dev\3rdparty\mysql\connector-c\6.1.6\extra\yassl\taocrypt\taocrypt.dir\release\taocrypt.tlog\cl.command.1.tlog
c:\dev\3rdparty\mysql\connector-c\6.1.6\extra\yassl\taocrypt\taocrypt.dir\release\taocrypt.tlog\cl.read.1.tlog
c:\dev\3rdparty\mysql\connector-c\6.1.6\extra\yassl\taocrypt\taocrypt.dir\release\taocrypt.tlog\custombuild.command.1.tlog
c:\dev\3rdparty\mysql\connector-c\6.1.6\extra\yassl\taocrypt\taocrypt.dir\release\taocrypt.tlog\custombuild.read.1.tlog
c:\dev\3rdparty\mysql\connector-c\6.1.6\extra\yassl\taocrypt\taocrypt.dir\release\taocrypt.tlog\custombuild.write.1.tlog
c:\dev\3rdparty\mysql\connector-c\6.1.6\extra\yassl\taocrypt\taocrypt.dir\release\taocrypt.tlog\lib-link.read.1.tlog
c:\dev\3rdparty\mysql\connector-c\6.1.6\extra\yassl\taocrypt\taocrypt.dir\release\taocrypt.tlog\lib-link.write.1.tlog
c:\dev\3rdparty\mysql\connector-c\6.1.6\extra\yassl\taocrypt\taocrypt.dir\release\taocrypt.tlog\lib.command.1.tlog
