c:\dev\3rdparty\mysql\connector-c\6.1.6\mysys_ssl\cmakefiles\generate.stamp
c:\dev\3rdparty\mysql\connector-c\6.1.6\mysys_ssl\relwithdebinfo\mysys_ssl.lib
c:\dev\3rdparty\mysql\connector-c\6.1.6\mysys_ssl\mysys_ssl.dir\relwithdebinfo\crypt_genhash_impl.obj
c:\dev\3rdparty\mysql\connector-c\6.1.6\mysys_ssl\mysys_ssl.dir\relwithdebinfo\mf_tempdir.obj
c:\dev\3rdparty\mysql\connector-c\6.1.6\mysys_ssl\mysys_ssl.dir\relwithdebinfo\my_aes.obj
c:\dev\3rdparty\mysql\connector-c\6.1.6\mysys_ssl\mysys_ssl.dir\relwithdebinfo\my_aes_yassl.obj
c:\dev\3rdparty\mysql\connector-c\6.1.6\mysys_ssl\mysys_ssl.dir\relwithdebinfo\my_default.obj
c:\dev\3rdparty\mysql\connector-c\6.1.6\mysys_ssl\mysys_ssl.dir\relwithdebinfo\my_getopt.obj
c:\dev\3rdparty\mysql\connector-c\6.1.6\mysys_ssl\mysys_ssl.dir\relwithdebinfo\my_md5.obj
c:\dev\3rdparty\mysql\connector-c\6.1.6\mysys_ssl\mysys_ssl.dir\relwithdebinfo\my_murmur3.obj
c:\dev\3rdparty\mysql\connector-c\6.1.6\mysys_ssl\mysys_ssl.dir\relwithdebinfo\my_rnd.obj
c:\dev\3rdparty\mysql\connector-c\6.1.6\mysys_ssl\mysys_ssl.dir\relwithdebinfo\my_sha1.obj
c:\dev\3rdparty\mysql\connector-c\6.1.6\mysys_ssl\mysys_ssl.dir\relwithdebinfo\my_sha2.obj
c:\dev\3rdparty\mysql\connector-c\6.1.6\mysys_ssl\mysys_ssl.dir\relwithdebinfo\mysys_ssl.tlog\cl.command.1.tlog
c:\dev\3rdparty\mysql\connector-c\6.1.6\mysys_ssl\mysys_ssl.dir\relwithdebinfo\mysys_ssl.tlog\cl.read.1.tlog
c:\dev\3rdparty\mysql\connector-c\6.1.6\mysys_ssl\mysys_ssl.dir\relwithdebinfo\mysys_ssl.tlog\custombuild.command.1.tlog
c:\dev\3rdparty\mysql\connector-c\6.1.6\mysys_ssl\mysys_ssl.dir\relwithdebinfo\mysys_ssl.tlog\custombuild.read.1.tlog
c:\dev\3rdparty\mysql\connector-c\6.1.6\mysys_ssl\mysys_ssl.dir\relwithdebinfo\mysys_ssl.tlog\custombuild.write.1.tlog
c:\dev\3rdparty\mysql\connector-c\6.1.6\mysys_ssl\mysys_ssl.dir\relwithdebinfo\mysys_ssl.tlog\lib-link.read.1.tlog
c:\dev\3rdparty\mysql\connector-c\6.1.6\mysys_ssl\mysys_ssl.dir\relwithdebinfo\mysys_ssl.tlog\lib-link.write.1.tlog
c:\dev\3rdparty\mysql\connector-c\6.1.6\mysys_ssl\mysys_ssl.dir\relwithdebinfo\mysys_ssl.tlog\lib.command.1.tlog
