c:\dev\3rdparty\mysql\connector-c\6.1.6\extra\yassl\taocrypt\cmakefiles\generate.stamp
c:\dev\3rdparty\mysql\connector-c\6.1.6\extra\yassl\taocrypt\relwithdebinfo\taocrypt.lib
c:\dev\3rdparty\mysql\connector-c\6.1.6\extra\yassl\taocrypt\taocrypt.dir\relwithdebinfo\aes.obj
c:\dev\3rdparty\mysql\connector-c\6.1.6\extra\yassl\taocrypt\taocrypt.dir\relwithdebinfo\aestables.obj
c:\dev\3rdparty\mysql\connector-c\6.1.6\extra\yassl\taocrypt\taocrypt.dir\relwithdebinfo\algebra.obj
c:\dev\3rdparty\mysql\connector-c\6.1.6\extra\yassl\taocrypt\taocrypt.dir\relwithdebinfo\arc4.obj
c:\dev\3rdparty\mysql\connector-c\6.1.6\extra\yassl\taocrypt\taocrypt.dir\relwithdebinfo\asn.obj
c:\dev\3rdparty\mysql\connector-c\6.1.6\extra\yassl\taocrypt\taocrypt.dir\relwithdebinfo\coding.obj
c:\dev\3rdparty\mysql\connector-c\6.1.6\extra\yassl\taocrypt\taocrypt.dir\relwithdebinfo\des.obj
c:\dev\3rdparty\mysql\connector-c\6.1.6\extra\yassl\taocrypt\taocrypt.dir\relwithdebinfo\dh.obj
c:\dev\3rdparty\mysql\connector-c\6.1.6\extra\yassl\taocrypt\taocrypt.dir\relwithdebinfo\dsa.obj
c:\dev\3rdparty\mysql\connector-c\6.1.6\extra\yassl\taocrypt\taocrypt.dir\relwithdebinfo\file.obj
c:\dev\3rdparty\mysql\connector-c\6.1.6\extra\yassl\taocrypt\taocrypt.dir\relwithdebinfo\hash.obj
c:\dev\3rdparty\mysql\connector-c\6.1.6\extra\yassl\taocrypt\taocrypt.dir\relwithdebinfo\hc128.obj
c:\dev\3rdparty\mysql\connector-c\6.1.6\extra\yassl\taocrypt\taocrypt.dir\relwithdebinfo\integer.obj
c:\dev\3rdparty\mysql\connector-c\6.1.6\extra\yassl\taocrypt\taocrypt.dir\relwithdebinfo\md2.obj
c:\dev\3rdparty\mysql\connector-c\6.1.6\extra\yassl\taocrypt\taocrypt.dir\relwithdebinfo\md4.obj
c:\dev\3rdparty\mysql\connector-c\6.1.6\extra\yassl\taocrypt\taocrypt.dir\relwithdebinfo\md5.obj
c:\dev\3rdparty\mysql\connector-c\6.1.6\extra\yassl\taocrypt\taocrypt.dir\relwithdebinfo\misc.obj
c:\dev\3rdparty\mysql\connector-c\6.1.6\extra\yassl\taocrypt\taocrypt.dir\relwithdebinfo\rabbit.obj
c:\dev\3rdparty\mysql\connector-c\6.1.6\extra\yassl\taocrypt\taocrypt.dir\relwithdebinfo\random.obj
c:\dev\3rdparty\mysql\connector-c\6.1.6\extra\yassl\taocrypt\taocrypt.dir\relwithdebinfo\ripemd.obj
c:\dev\3rdparty\mysql\connector-c\6.1.6\extra\yassl\taocrypt\taocrypt.dir\relwithdebinfo\rsa.obj
c:\dev\3rdparty\mysql\connector-c\6.1.6\extra\yassl\taocrypt\taocrypt.dir\relwithdebinfo\sha.obj
c:\dev\3rdparty\mysql\connector-c\6.1.6\extra\yassl\taocrypt\taocrypt.dir\relwithdebinfo\taocrypt.tlog\cl.command.1.tlog
c:\dev\3rdparty\mysql\connector-c\6.1.6\extra\yassl\taocrypt\taocrypt.dir\relwithdebinfo\taocrypt.tlog\cl.read.1.tlog
c:\dev\3rdparty\mysql\connector-c\6.1.6\extra\yassl\taocrypt\taocrypt.dir\relwithdebinfo\taocrypt.tlog\custombuild.command.1.tlog
c:\dev\3rdparty\mysql\connector-c\6.1.6\extra\yassl\taocrypt\taocrypt.dir\relwithdebinfo\taocrypt.tlog\custombuild.read.1.tlog
c:\dev\3rdparty\mysql\connector-c\6.1.6\extra\yassl\taocrypt\taocrypt.dir\relwithdebinfo\taocrypt.tlog\custombuild.write.1.tlog
c:\dev\3rdparty\mysql\connector-c\6.1.6\extra\yassl\taocrypt\taocrypt.dir\relwithdebinfo\taocrypt.tlog\lib-link.read.1.tlog
c:\dev\3rdparty\mysql\connector-c\6.1.6\extra\yassl\taocrypt\taocrypt.dir\relwithdebinfo\taocrypt.tlog\lib-link.write.1.tlog
c:\dev\3rdparty\mysql\connector-c\6.1.6\extra\yassl\taocrypt\taocrypt.dir\relwithdebinfo\taocrypt.tlog\lib.command.1.tlog
