c:\dev\3rdparty\mysql\connector-c\6.1.6\extra\yassl\taocrypt\cmakefiles\generate.stamp
c:\dev\3rdparty\mysql\connector-c\6.1.6\extra\yassl\taocrypt\minsizerel\taocrypt.lib
c:\dev\3rdparty\mysql\connector-c\6.1.6\extra\yassl\taocrypt\taocrypt.dir\minsizerel\aes.obj
c:\dev\3rdparty\mysql\connector-c\6.1.6\extra\yassl\taocrypt\taocrypt.dir\minsizerel\aestables.obj
c:\dev\3rdparty\mysql\connector-c\6.1.6\extra\yassl\taocrypt\taocrypt.dir\minsizerel\algebra.obj
c:\dev\3rdparty\mysql\connector-c\6.1.6\extra\yassl\taocrypt\taocrypt.dir\minsizerel\arc4.obj
c:\dev\3rdparty\mysql\connector-c\6.1.6\extra\yassl\taocrypt\taocrypt.dir\minsizerel\asn.obj
c:\dev\3rdparty\mysql\connector-c\6.1.6\extra\yassl\taocrypt\taocrypt.dir\minsizerel\coding.obj
c:\dev\3rdparty\mysql\connector-c\6.1.6\extra\yassl\taocrypt\taocrypt.dir\minsizerel\des.obj
c:\dev\3rdparty\mysql\connector-c\6.1.6\extra\yassl\taocrypt\taocrypt.dir\minsizerel\dh.obj
c:\dev\3rdparty\mysql\connector-c\6.1.6\extra\yassl\taocrypt\taocrypt.dir\minsizerel\dsa.obj
c:\dev\3rdparty\mysql\connector-c\6.1.6\extra\yassl\taocrypt\taocrypt.dir\minsizerel\file.obj
c:\dev\3rdparty\mysql\connector-c\6.1.6\extra\yassl\taocrypt\taocrypt.dir\minsizerel\hash.obj
c:\dev\3rdparty\mysql\connector-c\6.1.6\extra\yassl\taocrypt\taocrypt.dir\minsizerel\hc128.obj
c:\dev\3rdparty\mysql\connector-c\6.1.6\extra\yassl\taocrypt\taocrypt.dir\minsizerel\integer.obj
c:\dev\3rdparty\mysql\connector-c\6.1.6\extra\yassl\taocrypt\taocrypt.dir\minsizerel\md2.obj
c:\dev\3rdparty\mysql\connector-c\6.1.6\extra\yassl\taocrypt\taocrypt.dir\minsizerel\md4.obj
c:\dev\3rdparty\mysql\connector-c\6.1.6\extra\yassl\taocrypt\taocrypt.dir\minsizerel\md5.obj
c:\dev\3rdparty\mysql\connector-c\6.1.6\extra\yassl\taocrypt\taocrypt.dir\minsizerel\misc.obj
c:\dev\3rdparty\mysql\connector-c\6.1.6\extra\yassl\taocrypt\taocrypt.dir\minsizerel\rabbit.obj
c:\dev\3rdparty\mysql\connector-c\6.1.6\extra\yassl\taocrypt\taocrypt.dir\minsizerel\random.obj
c:\dev\3rdparty\mysql\connector-c\6.1.6\extra\yassl\taocrypt\taocrypt.dir\minsizerel\ripemd.obj
c:\dev\3rdparty\mysql\connector-c\6.1.6\extra\yassl\taocrypt\taocrypt.dir\minsizerel\rsa.obj
c:\dev\3rdparty\mysql\connector-c\6.1.6\extra\yassl\taocrypt\taocrypt.dir\minsizerel\sha.obj
c:\dev\3rdparty\mysql\connector-c\6.1.6\extra\yassl\taocrypt\taocrypt.dir\minsizerel\taocrypt.tlog\cl.command.1.tlog
c:\dev\3rdparty\mysql\connector-c\6.1.6\extra\yassl\taocrypt\taocrypt.dir\minsizerel\taocrypt.tlog\cl.read.1.tlog
c:\dev\3rdparty\mysql\connector-c\6.1.6\extra\yassl\taocrypt\taocrypt.dir\minsizerel\taocrypt.tlog\custombuild.command.1.tlog
c:\dev\3rdparty\mysql\connector-c\6.1.6\extra\yassl\taocrypt\taocrypt.dir\minsizerel\taocrypt.tlog\custombuild.read.1.tlog
c:\dev\3rdparty\mysql\connector-c\6.1.6\extra\yassl\taocrypt\taocrypt.dir\minsizerel\taocrypt.tlog\custombuild.write.1.tlog
c:\dev\3rdparty\mysql\connector-c\6.1.6\extra\yassl\taocrypt\taocrypt.dir\minsizerel\taocrypt.tlog\lib-link.read.1.tlog
c:\dev\3rdparty\mysql\connector-c\6.1.6\extra\yassl\taocrypt\taocrypt.dir\minsizerel\taocrypt.tlog\lib-link.write.1.tlog
c:\dev\3rdparty\mysql\connector-c\6.1.6\extra\yassl\taocrypt\taocrypt.dir\minsizerel\taocrypt.tlog\lib.command.1.tlog
