c:\dev\3rdparty\mysql\connector-c\6.1.6\extra\yassl\yassl.dir\release\get_password.obj
c:\dev\3rdparty\mysql\connector-c\6.1.6\extra\yassl\cmakefiles\generate.stamp
c:\dev\3rdparty\mysql\connector-c\6.1.6\extra\yassl\release\yassl.lib
c:\dev\3rdparty\mysql\connector-c\6.1.6\extra\yassl\yassl.dir\release\buffer.obj
c:\dev\3rdparty\mysql\connector-c\6.1.6\extra\yassl\yassl.dir\release\cert_wrapper.obj
c:\dev\3rdparty\mysql\connector-c\6.1.6\extra\yassl\yassl.dir\release\crypto_wrapper.obj
c:\dev\3rdparty\mysql\connector-c\6.1.6\extra\yassl\yassl.dir\release\handshake.obj
c:\dev\3rdparty\mysql\connector-c\6.1.6\extra\yassl\yassl.dir\release\lock.obj
c:\dev\3rdparty\mysql\connector-c\6.1.6\extra\yassl\yassl.dir\release\log.obj
c:\dev\3rdparty\mysql\connector-c\6.1.6\extra\yassl\yassl.dir\release\socket_wrapper.obj
c:\dev\3rdparty\mysql\connector-c\6.1.6\extra\yassl\yassl.dir\release\ssl.obj
c:\dev\3rdparty\mysql\connector-c\6.1.6\extra\yassl\yassl.dir\release\timer.obj
c:\dev\3rdparty\mysql\connector-c\6.1.6\extra\yassl\yassl.dir\release\yassl_error.obj
c:\dev\3rdparty\mysql\connector-c\6.1.6\extra\yassl\yassl.dir\release\yassl_imp.obj
c:\dev\3rdparty\mysql\connector-c\6.1.6\extra\yassl\yassl.dir\release\yassl_int.obj
c:\dev\3rdparty\mysql\connector-c\6.1.6\extra\yassl\yassl.dir\release\yassl.tlog\cl.command.1.tlog
c:\dev\3rdparty\mysql\connector-c\6.1.6\extra\yassl\yassl.dir\release\yassl.tlog\cl.read.1.tlog
c:\dev\3rdparty\mysql\connector-c\6.1.6\extra\yassl\yassl.dir\release\yassl.tlog\cl.write.1.tlog
c:\dev\3rdparty\mysql\connector-c\6.1.6\extra\yassl\yassl.dir\release\yassl.tlog\custombuild.command.1.tlog
c:\dev\3rdparty\mysql\connector-c\6.1.6\extra\yassl\yassl.dir\release\yassl.tlog\custombuild.read.1.tlog
c:\dev\3rdparty\mysql\connector-c\6.1.6\extra\yassl\yassl.dir\release\yassl.tlog\custombuild.write.1.tlog
c:\dev\3rdparty\mysql\connector-c\6.1.6\extra\yassl\yassl.dir\release\yassl.tlog\lib-link.read.1.tlog
c:\dev\3rdparty\mysql\connector-c\6.1.6\extra\yassl\yassl.dir\release\yassl.tlog\lib-link.write.1.tlog
c:\dev\3rdparty\mysql\connector-c\6.1.6\extra\yassl\yassl.dir\release\yassl.tlog\lib.command.1.tlog
