c:\dev\3rdparty\mysql\connector-c\6.1.6\mysys\cmakefiles\generate.stamp
c:\dev\3rdparty\mysql\connector-c\6.1.6\mysys\release\mysys.lib
c:\dev\3rdparty\mysql\connector-c\6.1.6\mysys\mysys.dir\release\array.obj
c:\dev\3rdparty\mysql\connector-c\6.1.6\mysys\mysys.dir\release\base64.obj
c:\dev\3rdparty\mysql\connector-c\6.1.6\mysys\mysys.dir\release\charset-def.obj
c:\dev\3rdparty\mysql\connector-c\6.1.6\mysys\mysys.dir\release\charset.obj
c:\dev\3rdparty\mysql\connector-c\6.1.6\mysys\mysys.dir\release\checksum.obj
c:\dev\3rdparty\mysql\connector-c\6.1.6\mysys\mysys.dir\release\errors.obj
c:\dev\3rdparty\mysql\connector-c\6.1.6\mysys\mysys.dir\release\hash.obj
c:\dev\3rdparty\mysql\connector-c\6.1.6\mysys\mysys.dir\release\lf_alloc-pin.obj
c:\dev\3rdparty\mysql\connector-c\6.1.6\mysys\mysys.dir\release\lf_dynarray.obj
c:\dev\3rdparty\mysql\connector-c\6.1.6\mysys\mysys.dir\release\lf_hash.obj
c:\dev\3rdparty\mysql\connector-c\6.1.6\mysys\mysys.dir\release\list.obj
c:\dev\3rdparty\mysql\connector-c\6.1.6\mysys\mysys.dir\release\mf_arr_appstr.obj
c:\dev\3rdparty\mysql\connector-c\6.1.6\mysys\mysys.dir\release\mf_cache.obj
c:\dev\3rdparty\mysql\connector-c\6.1.6\mysys\mysys.dir\release\mf_dirname.obj
c:\dev\3rdparty\mysql\connector-c\6.1.6\mysys\mysys.dir\release\mf_fn_ext.obj
c:\dev\3rdparty\mysql\connector-c\6.1.6\mysys\mysys.dir\release\mf_format.obj
c:\dev\3rdparty\mysql\connector-c\6.1.6\mysys\mysys.dir\release\mf_getdate.obj
c:\dev\3rdparty\mysql\connector-c\6.1.6\mysys\mysys.dir\release\mf_iocache.obj
c:\dev\3rdparty\mysql\connector-c\6.1.6\mysys\mysys.dir\release\mf_iocache2.obj
c:\dev\3rdparty\mysql\connector-c\6.1.6\mysys\mysys.dir\release\mf_keycache.obj
c:\dev\3rdparty\mysql\connector-c\6.1.6\mysys\mysys.dir\release\mf_keycaches.obj
c:\dev\3rdparty\mysql\connector-c\6.1.6\mysys\mysys.dir\release\mf_loadpath.obj
c:\dev\3rdparty\mysql\connector-c\6.1.6\mysys\mysys.dir\release\mf_pack.obj
c:\dev\3rdparty\mysql\connector-c\6.1.6\mysys\mysys.dir\release\mf_path.obj
c:\dev\3rdparty\mysql\connector-c\6.1.6\mysys\mysys.dir\release\mf_qsort.obj
c:\dev\3rdparty\mysql\connector-c\6.1.6\mysys\mysys.dir\release\mf_qsort2.obj
c:\dev\3rdparty\mysql\connector-c\6.1.6\mysys\mysys.dir\release\mf_radix.obj
c:\dev\3rdparty\mysql\connector-c\6.1.6\mysys\mysys.dir\release\mf_same.obj
c:\dev\3rdparty\mysql\connector-c\6.1.6\mysys\mysys.dir\release\mf_soundex.obj
c:\dev\3rdparty\mysql\connector-c\6.1.6\mysys\mysys.dir\release\mf_tempfile.obj
c:\dev\3rdparty\mysql\connector-c\6.1.6\mysys\mysys.dir\release\mf_unixpath.obj
c:\dev\3rdparty\mysql\connector-c\6.1.6\mysys\mysys.dir\release\mf_wcomp.obj
c:\dev\3rdparty\mysql\connector-c\6.1.6\mysys\mysys.dir\release\mulalloc.obj
c:\dev\3rdparty\mysql\connector-c\6.1.6\mysys\mysys.dir\release\my_access.obj
c:\dev\3rdparty\mysql\connector-c\6.1.6\mysys\mysys.dir\release\my_alloc.obj
c:\dev\3rdparty\mysql\connector-c\6.1.6\mysys\mysys.dir\release\my_bit.obj
c:\dev\3rdparty\mysql\connector-c\6.1.6\mysys\mysys.dir\release\my_bitmap.obj
c:\dev\3rdparty\mysql\connector-c\6.1.6\mysys\mysys.dir\release\my_chmod.obj
c:\dev\3rdparty\mysql\connector-c\6.1.6\mysys\mysys.dir\release\my_chsize.obj
c:\dev\3rdparty\mysql\connector-c\6.1.6\mysys\mysys.dir\release\my_compare.obj
c:\dev\3rdparty\mysql\connector-c\6.1.6\mysys\mysys.dir\release\my_compress.obj
c:\dev\3rdparty\mysql\connector-c\6.1.6\mysys\mysys.dir\release\my_conio.obj
c:\dev\3rdparty\mysql\connector-c\6.1.6\mysys\mysys.dir\release\my_copy.obj
c:\dev\3rdparty\mysql\connector-c\6.1.6\mysys\mysys.dir\release\my_create.obj
c:\dev\3rdparty\mysql\connector-c\6.1.6\mysys\mysys.dir\release\my_delete.obj
c:\dev\3rdparty\mysql\connector-c\6.1.6\mysys\mysys.dir\release\my_div.obj
c:\dev\3rdparty\mysql\connector-c\6.1.6\mysys\mysys.dir\release\my_error.obj
c:\dev\3rdparty\mysql\connector-c\6.1.6\mysys\mysys.dir\release\my_file.obj
c:\dev\3rdparty\mysql\connector-c\6.1.6\mysys\mysys.dir\release\my_fopen.obj
c:\dev\3rdparty\mysql\connector-c\6.1.6\mysys\mysys.dir\release\my_fstream.obj
c:\dev\3rdparty\mysql\connector-c\6.1.6\mysys\mysys.dir\release\my_gethwaddr.obj
c:\dev\3rdparty\mysql\connector-c\6.1.6\mysys\mysys.dir\release\my_getsystime.obj
c:\dev\3rdparty\mysql\connector-c\6.1.6\mysys\mysys.dir\release\my_getwd.obj
c:\dev\3rdparty\mysql\connector-c\6.1.6\mysys\mysys.dir\release\my_init.obj
c:\dev\3rdparty\mysql\connector-c\6.1.6\mysys\mysys.dir\release\my_lib.obj
c:\dev\3rdparty\mysql\connector-c\6.1.6\mysys\mysys.dir\release\my_lock.obj
c:\dev\3rdparty\mysql\connector-c\6.1.6\mysys\mysys.dir\release\my_malloc.obj
c:\dev\3rdparty\mysql\connector-c\6.1.6\mysys\mysys.dir\release\my_memmem.obj
c:\dev\3rdparty\mysql\connector-c\6.1.6\mysys\mysys.dir\release\my_mess.obj
c:\dev\3rdparty\mysql\connector-c\6.1.6\mysys\mysys.dir\release\my_mkdir.obj
c:\dev\3rdparty\mysql\connector-c\6.1.6\mysys\mysys.dir\release\my_mmap.obj
c:\dev\3rdparty\mysql\connector-c\6.1.6\mysys\mysys.dir\release\my_once.obj
c:\dev\3rdparty\mysql\connector-c\6.1.6\mysys\mysys.dir\release\my_open.obj
c:\dev\3rdparty\mysql\connector-c\6.1.6\mysys\mysys.dir\release\my_pread.obj
c:\dev\3rdparty\mysql\connector-c\6.1.6\mysys\mysys.dir\release\my_rdtsc.obj
c:\dev\3rdparty\mysql\connector-c\6.1.6\mysys\mysys.dir\release\my_read.obj
c:\dev\3rdparty\mysql\connector-c\6.1.6\mysys\mysys.dir\release\my_redel.obj
c:\dev\3rdparty\mysql\connector-c\6.1.6\mysys\mysys.dir\release\my_rename.obj
c:\dev\3rdparty\mysql\connector-c\6.1.6\mysys\mysys.dir\release\my_seek.obj
c:\dev\3rdparty\mysql\connector-c\6.1.6\mysys\mysys.dir\release\my_static.obj
c:\dev\3rdparty\mysql\connector-c\6.1.6\mysys\mysys.dir\release\my_symlink.obj
c:\dev\3rdparty\mysql\connector-c\6.1.6\mysys\mysys.dir\release\my_symlink2.obj
c:\dev\3rdparty\mysql\connector-c\6.1.6\mysys\mysys.dir\release\my_sync.obj
c:\dev\3rdparty\mysql\connector-c\6.1.6\mysys\mysys.dir\release\my_syslog.obj
c:\dev\3rdparty\mysql\connector-c\6.1.6\mysys\mysys.dir\release\my_thr_init.obj
c:\dev\3rdparty\mysql\connector-c\6.1.6\mysys\mysys.dir\release\my_windac.obj
c:\dev\3rdparty\mysql\connector-c\6.1.6\mysys\mysys.dir\release\my_winerr.obj
c:\dev\3rdparty\mysql\connector-c\6.1.6\mysys\mysys.dir\release\my_winfile.obj
c:\dev\3rdparty\mysql\connector-c\6.1.6\mysys\mysys.dir\release\my_winthread.obj
c:\dev\3rdparty\mysql\connector-c\6.1.6\mysys\mysys.dir\release\my_write.obj
c:\dev\3rdparty\mysql\connector-c\6.1.6\mysys\mysys.dir\release\psi_noop.obj
c:\dev\3rdparty\mysql\connector-c\6.1.6\mysys\mysys.dir\release\ptr_cmp.obj
c:\dev\3rdparty\mysql\connector-c\6.1.6\mysys\mysys.dir\release\queues.obj
c:\dev\3rdparty\mysql\connector-c\6.1.6\mysys\mysys.dir\release\stacktrace.obj
c:\dev\3rdparty\mysql\connector-c\6.1.6\mysys\mysys.dir\release\string.obj
c:\dev\3rdparty\mysql\connector-c\6.1.6\mysys\mysys.dir\release\thr_cond.obj
c:\dev\3rdparty\mysql\connector-c\6.1.6\mysys\mysys.dir\release\thr_lock.obj
c:\dev\3rdparty\mysql\connector-c\6.1.6\mysys\mysys.dir\release\thr_mutex.obj
c:\dev\3rdparty\mysql\connector-c\6.1.6\mysys\mysys.dir\release\thr_rwlock.obj
c:\dev\3rdparty\mysql\connector-c\6.1.6\mysys\mysys.dir\release\tree.obj
c:\dev\3rdparty\mysql\connector-c\6.1.6\mysys\mysys.dir\release\typelib.obj
c:\dev\3rdparty\mysql\connector-c\6.1.6\mysys\mysys.dir\release\win_timers.obj
c:\dev\3rdparty\mysql\connector-c\6.1.6\mysys\mysys.dir\release\mysys.tlog\cl.command.1.tlog
c:\dev\3rdparty\mysql\connector-c\6.1.6\mysys\mysys.dir\release\mysys.tlog\cl.read.1.tlog
c:\dev\3rdparty\mysql\connector-c\6.1.6\mysys\mysys.dir\release\mysys.tlog\custombuild.command.1.tlog
c:\dev\3rdparty\mysql\connector-c\6.1.6\mysys\mysys.dir\release\mysys.tlog\custombuild.read.1.tlog
c:\dev\3rdparty\mysql\connector-c\6.1.6\mysys\mysys.dir\release\mysys.tlog\custombuild.write.1.tlog
c:\dev\3rdparty\mysql\connector-c\6.1.6\mysys\mysys.dir\release\mysys.tlog\lib-link.read.1.tlog
c:\dev\3rdparty\mysql\connector-c\6.1.6\mysys\mysys.dir\release\mysys.tlog\lib-link.write.1.tlog
c:\dev\3rdparty\mysql\connector-c\6.1.6\mysys\mysys.dir\release\mysys.tlog\lib.command.1.tlog
